PIN 13 vs Temp.Sensor ADC15 example Z:\lib\tooling\qiqqa\MuPDF\thirdparty\owemdjee\Arduino.Due.SAM3X8E.SAM3A.undocumented.issues.TempSensor.P13.PIO.B27.pin\ADC15-tempsensor-conflict-output-pin13-LED\demo-of-conflict\z-minimal-ish\z-minimal-ish.ino




ADC = 0 @ cycle-counter: 1 @ micros dT= 100042

ADC = 0 @ cycle-counter: 2 @ micros dT= 100043

ADC = 0 @ cycle-counter: 3 @ micros dT= 100043

ADC = 0 @ cycle-counter: 4 @ micros dT= 100043
ADC *ON*

ADC = 997 @ cycle-counter: 5 @ micros dT= 96
ADC = 1018 @ cycle-counter: 5 @ micros dT= 271
ADC = 1023 @ cycle-counter: 5 @ micros dT= 454
ADC = 1023 @ cycle-counter: 5 @ micros dT= 637
ADC = 1025 @ cycle-counter: 5 @ micros dT= 820
ADC = 1023 @ cycle-counter: 5 @ micros dT= 1004
ADC = 1024 @ cycle-counter: 5 @ micros dT= 1193
ADC = 1023 @ cycle-counter: 5 @ micros dT= 1385
ADC = 1023 @ cycle-counter: 5 @ micros dT= 1575
ADC = 1024 @ cycle-counter: 5 @ micros dT= 1764
ADC = 1024 @ cycle-counter: 5 @ micros dT= 1954
ADC = 1023 @ cycle-counter: 5 @ micros dT= 2147
ADC = 1026 @ cycle-counter: 5 @ micros dT= 2336
ADC = 1023 @ cycle-counter: 5 @ micros dT= 2526
ADC = 1022 @ cycle-counter: 5 @ micros dT= 2716
ADC = 1023 @ cycle-counter: 5 @ micros dT= 2906
ADC = 1025 @ cycle-counter: 5 @ micros dT= 3098
ADC = 1024 @ cycle-counter: 5 @ micros dT= 3288
ADC = 1025 @ cycle-counter: 5 @ micros dT= 3478
ADC = 1026 @ cycle-counter: 5 @ micros dT= 3667
ADC = 1024 @ cycle-counter: 5 @ micros dT= 3859
ADC = 1022 @ cycle-counter: 5 @ micros dT= 4050
ADC = 1023 @ cycle-counter: 5 @ micros dT= 4240
ADC = 1021 @ cycle-counter: 5 @ micros dT= 7177
ADC = 1023 @ cycle-counter: 5 @ micros dT= 11291
ADC = 1026 @ cycle-counter: 5 @ micros dT= 15491
ADC = 1023 @ cycle-counter: 5 @ micros dT= 19691
ADC = 1024 @ cycle-counter: 5 @ micros dT= 23891
ADC = 1021 @ cycle-counter: 5 @ micros dT= 28091
ADC = 1021 @ cycle-counter: 5 @ micros dT= 32291
ADC = 1021 @ cycle-counter: 5 @ micros dT= 36491
ADC = 1022 @ cycle-counter: 5 @ micros dT= 40691
ADC = 1025 @ cycle-counter: 5 @ micros dT= 44891
ADC = 1026 @ cycle-counter: 5 @ micros dT= 49091
ADC = 1023 @ cycle-counter: 5 @ micros dT= 53291
ADC = 1025 @ cycle-counter: 5 @ micros dT= 57491
ADC = 1025 @ cycle-counter: 5 @ micros dT= 61691
ADC = 1023 @ cycle-counter: 5 @ micros dT= 65891
ADC = 1024 @ cycle-counter: 5 @ micros dT= 70091
ADC = 1026 @ cycle-counter: 5 @ micros dT= 74291
ADC = 1023 @ cycle-counter: 5 @ micros dT= 78491
ADC = 1023 @ cycle-counter: 5 @ micros dT= 82691
ADC = 1026 @ cycle-counter: 5 @ micros dT= 86891
ADC = 1023 @ cycle-counter: 5 @ micros dT= 91091
ADC = 1022 @ cycle-counter: 5 @ micros dT= 95291
ADC = 1026 @ cycle-counter: 5 @ micros dT= 99491

ADC = 1025 @ cycle-counter: 6 @ micros dT= 70
ADC = 1027 @ cycle-counter: 6 @ micros dT= 246
ADC = 1027 @ cycle-counter: 6 @ micros dT= 429
ADC = 1028 @ cycle-counter: 6 @ micros dT= 612
ADC = 1025 @ cycle-counter: 6 @ micros dT= 797
ADC = 1027 @ cycle-counter: 6 @ micros dT= 980
ADC = 1026 @ cycle-counter: 6 @ micros dT= 1164
ADC = 1027 @ cycle-counter: 6 @ micros dT= 1354
ADC = 1025 @ cycle-counter: 6 @ micros dT= 1543
ADC = 1026 @ cycle-counter: 6 @ micros dT= 1733
ADC = 1023 @ cycle-counter: 6 @ micros dT= 1925
ADC = 1024 @ cycle-counter: 6 @ micros dT= 2115
ADC = 1023 @ cycle-counter: 6 @ micros dT= 2305
ADC = 1026 @ cycle-counter: 6 @ micros dT= 2495
ADC = 1027 @ cycle-counter: 6 @ micros dT= 2686
ADC = 1023 @ cycle-counter: 6 @ micros dT= 2876
ADC = 1026 @ cycle-counter: 6 @ micros dT= 3067
ADC = 1028 @ cycle-counter: 6 @ micros dT= 3256
ADC = 1022 @ cycle-counter: 6 @ micros dT= 3446
ADC = 1023 @ cycle-counter: 6 @ micros dT= 3638
ADC = 1024 @ cycle-counter: 6 @ micros dT= 3827
ADC = 1024 @ cycle-counter: 6 @ micros dT= 4018
ADC = 1024 @ cycle-counter: 6 @ micros dT= 4208
ADC = 1025 @ cycle-counter: 6 @ micros dT= 6428
ADC = 1022 @ cycle-counter: 6 @ micros dT= 10543
ADC = 1023 @ cycle-counter: 6 @ micros dT= 14743
ADC = 1023 @ cycle-counter: 6 @ micros dT= 18943
ADC = 1021 @ cycle-counter: 6 @ micros dT= 23143
ADC = 1023 @ cycle-counter: 6 @ micros dT= 27343
ADC = 1024 @ cycle-counter: 6 @ micros dT= 31543
ADC = 1023 @ cycle-counter: 6 @ micros dT= 35743
ADC = 1024 @ cycle-counter: 6 @ micros dT= 39943
ADC = 1022 @ cycle-counter: 6 @ micros dT= 44143
ADC = 1023 @ cycle-counter: 6 @ micros dT= 48343
ADC = 1022 @ cycle-counter: 6 @ micros dT= 52543
ADC = 1024 @ cycle-counter: 6 @ micros dT= 56743
ADC = 1024 @ cycle-counter: 6 @ micros dT= 60943
ADC = 1021 @ cycle-counter: 6 @ micros dT= 65143
ADC = 1023 @ cycle-counter: 6 @ micros dT= 69343
ADC = 1022 @ cycle-counter: 6 @ micros dT= 73543
ADC = 1025 @ cycle-counter: 6 @ micros dT= 77743
ADC = 1024 @ cycle-counter: 6 @ micros dT= 81943
ADC = 1022 @ cycle-counter: 6 @ micros dT= 86143
ADC = 1023 @ cycle-counter: 6 @ micros dT= 90343
ADC = 1023 @ cycle-counter: 6 @ micros dT= 94543
ADC = 1022 @ cycle-counter: 6 @ micros dT= 98743

ADC = 1027 @ cycle-counter: 7 @ micros dT= 70
ADC = 1026 @ cycle-counter: 7 @ micros dT= 246
ADC = 1027 @ cycle-counter: 7 @ micros dT= 429
ADC = 1024 @ cycle-counter: 7 @ micros dT= 612
ADC = 1025 @ cycle-counter: 7 @ micros dT= 797
ADC = 1026 @ cycle-counter: 7 @ micros dT= 980
ADC = 1026 @ cycle-counter: 7 @ micros dT= 1164
ADC = 1024 @ cycle-counter: 7 @ micros dT= 1354
ADC = 1027 @ cycle-counter: 7 @ micros dT= 1543
ADC = 1026 @ cycle-counter: 7 @ micros dT= 1733
ADC = 1023 @ cycle-counter: 7 @ micros dT= 1925
ADC = 1026 @ cycle-counter: 7 @ micros dT= 2115
ADC = 1027 @ cycle-counter: 7 @ micros dT= 2305
ADC = 1028 @ cycle-counter: 7 @ micros dT= 2495
ADC = 1030 @ cycle-counter: 7 @ micros dT= 2686
ADC = 1027 @ cycle-counter: 7 @ micros dT= 2876
ADC = 1028 @ cycle-counter: 7 @ micros dT= 3067
ADC = 1025 @ cycle-counter: 7 @ micros dT= 3256
ADC = 1024 @ cycle-counter: 7 @ micros dT= 3446
ADC = 1026 @ cycle-counter: 7 @ micros dT= 3638
ADC = 1026 @ cycle-counter: 7 @ micros dT= 3827
ADC = 1024 @ cycle-counter: 7 @ micros dT= 4018
ADC = 1023 @ cycle-counter: 7 @ micros dT= 4208
ADC = 1026 @ cycle-counter: 7 @ micros dT= 6428
ADC = 1024 @ cycle-counter: 7 @ micros dT= 10543
ADC = 1027 @ cycle-counter: 7 @ micros dT= 14743
ADC = 1025 @ cycle-counter: 7 @ micros dT= 18943
ADC = 1021 @ cycle-counter: 7 @ micros dT= 23143
ADC = 1023 @ cycle-counter: 7 @ micros dT= 27343
ADC = 1023 @ cycle-counter: 7 @ micros dT= 31543
ADC = 1025 @ cycle-counter: 7 @ micros dT= 35743
ADC = 1023 @ cycle-counter: 7 @ micros dT= 39943
ADC = 1025 @ cycle-counter: 7 @ micros dT= 44143
ADC = 1025 @ cycle-counter: 7 @ micros dT= 48343
ADC = 1025 @ cycle-counter: 7 @ micros dT= 52543
ADC = 1025 @ cycle-counter: 7 @ micros dT= 56743
ADC = 1024 @ cycle-counter: 7 @ micros dT= 60943
ADC = 1022 @ cycle-counter: 7 @ micros dT= 65143
ADC = 1025 @ cycle-counter: 7 @ micros dT= 69343
ADC = 1025 @ cycle-counter: 7 @ micros dT= 73543
ADC = 1026 @ cycle-counter: 7 @ micros dT= 77743
ADC = 1023 @ cycle-counter: 7 @ micros dT= 81943
ADC = 1025 @ cycle-counter: 7 @ micros dT= 86143
ADC = 1027 @ cycle-counter: 7 @ micros dT= 90343
ADC = 1023 @ cycle-counter: 7 @ micros dT= 94543
ADC = 1025 @ cycle-counter: 7 @ micros dT= 98743

ADC = 1024 @ cycle-counter: 8 @ micros dT= 70
ADC = 1025 @ cycle-counter: 8 @ micros dT= 246
ADC = 1027 @ cycle-counter: 8 @ micros dT= 429
ADC = 1025 @ cycle-counter: 8 @ micros dT= 612
ADC = 1027 @ cycle-counter: 8 @ micros dT= 797
ADC = 1027 @ cycle-counter: 8 @ micros dT= 980
ADC = 1027 @ cycle-counter: 8 @ micros dT= 1164
ADC = 1027 @ cycle-counter: 8 @ micros dT= 1354
ADC = 1026 @ cycle-counter: 8 @ micros dT= 1543
ADC = 1024 @ cycle-counter: 8 @ micros dT= 1733
ADC = 1027 @ cycle-counter: 8 @ micros dT= 1925
ADC = 1027 @ cycle-counter: 8 @ micros dT= 2115
ADC = 1025 @ cycle-counter: 8 @ micros dT= 2305
ADC = 1026 @ cycle-counter: 8 @ micros dT= 2495
ADC = 1028 @ cycle-counter: 8 @ micros dT= 2686
ADC = 1024 @ cycle-counter: 8 @ micros dT= 2876
ADC = 1027 @ cycle-counter: 8 @ micros dT= 3067
ADC = 1026 @ cycle-counter: 8 @ micros dT= 3256
ADC = 1024 @ cycle-counter: 8 @ micros dT= 3446
ADC = 1029 @ cycle-counter: 8 @ micros dT= 3638
ADC = 1026 @ cycle-counter: 8 @ micros dT= 3827
ADC = 1025 @ cycle-counter: 8 @ micros dT= 4018
ADC = 1024 @ cycle-counter: 8 @ micros dT= 4208
ADC = 1027 @ cycle-counter: 8 @ micros dT= 6428
ADC = 1023 @ cycle-counter: 8 @ micros dT= 10543
ADC = 1024 @ cycle-counter: 8 @ micros dT= 14743
ADC = 1023 @ cycle-counter: 8 @ micros dT= 18943
ADC = 1028 @ cycle-counter: 8 @ micros dT= 23143
ADC = 1023 @ cycle-counter: 8 @ micros dT= 27343
ADC = 1021 @ cycle-counter: 8 @ micros dT= 31543
ADC = 1025 @ cycle-counter: 8 @ micros dT= 35743
ADC = 1026 @ cycle-counter: 8 @ micros dT= 39943
ADC = 1024 @ cycle-counter: 8 @ micros dT= 44143
ADC = 1022 @ cycle-counter: 8 @ micros dT= 48343
ADC = 1024 @ cycle-counter: 8 @ micros dT= 52543
ADC = 1024 @ cycle-counter: 8 @ micros dT= 56743
ADC = 1023 @ cycle-counter: 8 @ micros dT= 60943
ADC = 1025 @ cycle-counter: 8 @ micros dT= 65143
ADC = 1023 @ cycle-counter: 8 @ micros dT= 69343
ADC = 1025 @ cycle-counter: 8 @ micros dT= 73543
ADC = 1023 @ cycle-counter: 8 @ micros dT= 77743
ADC = 1024 @ cycle-counter: 8 @ micros dT= 81943
ADC = 1023 @ cycle-counter: 8 @ micros dT= 86143
ADC = 1024 @ cycle-counter: 8 @ micros dT= 90343
ADC = 1026 @ cycle-counter: 8 @ micros dT= 94543
ADC = 1025 @ cycle-counter: 8 @ micros dT= 98743

ADC = 1025 @ cycle-counter: 9 @ micros dT= 70
ADC = 1027 @ cycle-counter: 9 @ micros dT= 246
ADC = 1026 @ cycle-counter: 9 @ micros dT= 429
ADC = 1026 @ cycle-counter: 9 @ micros dT= 612
ADC = 1026 @ cycle-counter: 9 @ micros dT= 797
ADC = 1028 @ cycle-counter: 9 @ micros dT= 980
ADC = 1024 @ cycle-counter: 9 @ micros dT= 1164
ADC = 1027 @ cycle-counter: 9 @ micros dT= 1354
ADC = 1028 @ cycle-counter: 9 @ micros dT= 1543
ADC = 1023 @ cycle-counter: 9 @ micros dT= 1733
ADC = 1025 @ cycle-counter: 9 @ micros dT= 1925
ADC = 1029 @ cycle-counter: 9 @ micros dT= 2115
ADC = 1026 @ cycle-counter: 9 @ micros dT= 2305
ADC = 1026 @ cycle-counter: 9 @ micros dT= 2495
ADC = 1026 @ cycle-counter: 9 @ micros dT= 2686
ADC = 1028 @ cycle-counter: 9 @ micros dT= 2876
ADC = 1028 @ cycle-counter: 9 @ micros dT= 3067
ADC = 1027 @ cycle-counter: 9 @ micros dT= 3256
ADC = 1025 @ cycle-counter: 9 @ micros dT= 3446
ADC = 1027 @ cycle-counter: 9 @ micros dT= 3638
ADC = 1028 @ cycle-counter: 9 @ micros dT= 3827
ADC = 1025 @ cycle-counter: 9 @ micros dT= 4018
ADC = 1026 @ cycle-counter: 9 @ micros dT= 4208
ADC = 1025 @ cycle-counter: 9 @ micros dT= 6428
ADC = 1025 @ cycle-counter: 9 @ micros dT= 10543
ADC = 1025 @ cycle-counter: 9 @ micros dT= 14743
ADC = 1024 @ cycle-counter: 9 @ micros dT= 18943
ADC = 1025 @ cycle-counter: 9 @ micros dT= 23143
ADC = 1025 @ cycle-counter: 9 @ micros dT= 27343
ADC = 1023 @ cycle-counter: 9 @ micros dT= 31543
ADC = 1024 @ cycle-counter: 9 @ micros dT= 35743
ADC = 1020 @ cycle-counter: 9 @ micros dT= 39943
ADC = 1024 @ cycle-counter: 9 @ micros dT= 44143
ADC = 1023 @ cycle-counter: 9 @ micros dT= 48343
ADC = 1026 @ cycle-counter: 9 @ micros dT= 52543
ADC = 1025 @ cycle-counter: 9 @ micros dT= 56743
ADC = 1024 @ cycle-counter: 9 @ micros dT= 60943
ADC = 1024 @ cycle-counter: 9 @ micros dT= 65143
ADC = 1024 @ cycle-counter: 9 @ micros dT= 69343
ADC = 1026 @ cycle-counter: 9 @ micros dT= 73543
ADC = 1022 @ cycle-counter: 9 @ micros dT= 77743
ADC = 1024 @ cycle-counter: 9 @ micros dT= 81943
ADC = 1026 @ cycle-counter: 9 @ micros dT= 86143
ADC = 1023 @ cycle-counter: 9 @ micros dT= 90343
ADC = 1024 @ cycle-counter: 9 @ micros dT= 94543
ADC = 1022 @ cycle-counter: 9 @ micros dT= 98743
ADC TS *OFF*

ADC = 1698 @ cycle-counter: 10 @ micros dT= 81
ADC = 2058 @ cycle-counter: 10 @ micros dT= 268
ADC = 2057 @ cycle-counter: 10 @ micros dT= 463
ADC = 2058 @ cycle-counter: 10 @ micros dT= 657
ADC = 2059 @ cycle-counter: 10 @ micros dT= 853
ADC = 2058 @ cycle-counter: 10 @ micros dT= 1049
ADC = 2058 @ cycle-counter: 10 @ micros dT= 1250
ADC = 2058 @ cycle-counter: 10 @ micros dT= 1453
ADC = 2058 @ cycle-counter: 10 @ micros dT= 1653
ADC = 2057 @ cycle-counter: 10 @ micros dT= 1854
ADC = 2058 @ cycle-counter: 10 @ micros dT= 2058
ADC = 2057 @ cycle-counter: 10 @ micros dT= 2259
ADC = 2058 @ cycle-counter: 10 @ micros dT= 2460
ADC = 2058 @ cycle-counter: 10 @ micros dT= 2663
ADC = 2057 @ cycle-counter: 10 @ micros dT= 2864
ADC = 2059 @ cycle-counter: 10 @ micros dT= 3066
ADC = 2058 @ cycle-counter: 10 @ micros dT= 3269
ADC = 2058 @ cycle-counter: 10 @ micros dT= 3470
ADC = 2058 @ cycle-counter: 10 @ micros dT= 3673
ADC = 2058 @ cycle-counter: 10 @ micros dT= 3874
ADC = 2058 @ cycle-counter: 10 @ micros dT= 4077
ADC = 2058 @ cycle-counter: 10 @ micros dT= 4279
ADC = 2058 @ cycle-counter: 10 @ micros dT= 5373
ADC = 2058 @ cycle-counter: 10 @ micros dT= 9573
ADC = 2058 @ cycle-counter: 10 @ micros dT= 13773
ADC = 2058 @ cycle-counter: 10 @ micros dT= 18058
ADC = 2057 @ cycle-counter: 10 @ micros dT= 22344
ADC = 2058 @ cycle-counter: 10 @ micros dT= 26630
ADC = 2058 @ cycle-counter: 10 @ micros dT= 30916
ADC = 2058 @ cycle-counter: 10 @ micros dT= 35201
ADC = 2058 @ cycle-counter: 10 @ micros dT= 39487
ADC = 2058 @ cycle-counter: 10 @ micros dT= 43773
ADC = 2058 @ cycle-counter: 10 @ micros dT= 48058
ADC = 2057 @ cycle-counter: 10 @ micros dT= 52344
ADC = 2059 @ cycle-counter: 10 @ micros dT= 56630
ADC = 2058 @ cycle-counter: 10 @ micros dT= 60916
ADC = 2059 @ cycle-counter: 10 @ micros dT= 65201
ADC = 2058 @ cycle-counter: 10 @ micros dT= 69487
ADC = 2058 @ cycle-counter: 10 @ micros dT= 73773
ADC = 2058 @ cycle-counter: 10 @ micros dT= 78058
ADC = 2057 @ cycle-counter: 10 @ micros dT= 82344
ADC = 2059 @ cycle-counter: 10 @ micros dT= 86630
ADC = 2058 @ cycle-counter: 10 @ micros dT= 90916
ADC = 2059 @ cycle-counter: 10 @ micros dT= 95201
ADC = 2058 @ cycle-counter: 10 @ micros dT= 99487

ADC = 2058 @ cycle-counter: 11 @ micros dT= 79
ADC = 2058 @ cycle-counter: 11 @ micros dT= 265
ADC = 2058 @ cycle-counter: 11 @ micros dT= 462
ADC = 2058 @ cycle-counter: 11 @ micros dT= 656
ADC = 2057 @ cycle-counter: 11 @ micros dT= 850
ADC = 2058 @ cycle-counter: 11 @ micros dT= 1048
ADC = 2059 @ cycle-counter: 11 @ micros dT= 1249
ADC = 2058 @ cycle-counter: 11 @ micros dT= 1450
ADC = 2058 @ cycle-counter: 11 @ micros dT= 1653
ADC = 2058 @ cycle-counter: 11 @ micros dT= 1854
ADC = 2057 @ cycle-counter: 11 @ micros dT= 2056
ADC = 2059 @ cycle-counter: 11 @ micros dT= 2259
ADC = 2059 @ cycle-counter: 11 @ micros dT= 2460
ADC = 2058 @ cycle-counter: 11 @ micros dT= 2661
ADC = 2058 @ cycle-counter: 11 @ micros dT= 2864
ADC = 2058 @ cycle-counter: 11 @ micros dT= 3066
ADC = 2057 @ cycle-counter: 11 @ micros dT= 3267
ADC = 2059 @ cycle-counter: 11 @ micros dT= 3470
ADC = 2058 @ cycle-counter: 11 @ micros dT= 3671
ADC = 2058 @ cycle-counter: 11 @ micros dT= 3874
ADC = 2059 @ cycle-counter: 11 @ micros dT= 4076
ADC = 2058 @ cycle-counter: 11 @ micros dT= 4277
ADC = 2058 @ cycle-counter: 11 @ micros dT= 4480
ADC = 2059 @ cycle-counter: 11 @ micros dT= 8489
ADC = 2058 @ cycle-counter: 11 @ micros dT= 12689
ADC = 2058 @ cycle-counter: 11 @ micros dT= 16975
ADC = 2058 @ cycle-counter: 11 @ micros dT= 21261
ADC = 2058 @ cycle-counter: 11 @ micros dT= 25546
ADC = 2058 @ cycle-counter: 11 @ micros dT= 29832
ADC = 2057 @ cycle-counter: 11 @ micros dT= 34118
ADC = 2058 @ cycle-counter: 11 @ micros dT= 38404
ADC = 2059 @ cycle-counter: 11 @ micros dT= 42689
ADC = 2058 @ cycle-counter: 11 @ micros dT= 46975
ADC = 2058 @ cycle-counter: 11 @ micros dT= 51261
ADC = 2058 @ cycle-counter: 11 @ micros dT= 55546
ADC = 2057 @ cycle-counter: 11 @ micros dT= 59832
ADC = 2058 @ cycle-counter: 11 @ micros dT= 64118
ADC = 2057 @ cycle-counter: 11 @ micros dT= 68404
ADC = 2059 @ cycle-counter: 11 @ micros dT= 72689
ADC = 2058 @ cycle-counter: 11 @ micros dT= 76975
ADC = 2058 @ cycle-counter: 11 @ micros dT= 81261
ADC = 2058 @ cycle-counter: 11 @ micros dT= 85546
ADC = 2058 @ cycle-counter: 11 @ micros dT= 89832
ADC = 2057 @ cycle-counter: 11 @ micros dT= 94118
ADC = 2057 @ cycle-counter: 11 @ micros dT= 98404

ADC = 2058 @ cycle-counter: 12 @ micros dT= 80
ADC = 2057 @ cycle-counter: 12 @ micros dT= 265
ADC = 2058 @ cycle-counter: 12 @ micros dT= 462
ADC = 2057 @ cycle-counter: 12 @ micros dT= 656
ADC = 2058 @ cycle-counter: 12 @ micros dT= 850
ADC = 2058 @ cycle-counter: 12 @ micros dT= 1048
ADC = 2058 @ cycle-counter: 12 @ micros dT= 1249
ADC = 2058 @ cycle-counter: 12 @ micros dT= 1450
ADC = 2058 @ cycle-counter: 12 @ micros dT= 1653
ADC = 2057 @ cycle-counter: 12 @ micros dT= 1854
ADC = 2057 @ cycle-counter: 12 @ micros dT= 2056
ADC = 2059 @ cycle-counter: 12 @ micros dT= 2259
ADC = 2058 @ cycle-counter: 12 @ micros dT= 2460
ADC = 2058 @ cycle-counter: 12 @ micros dT= 2661
ADC = 2058 @ cycle-counter: 12 @ micros dT= 2864
ADC = 2059 @ cycle-counter: 12 @ micros dT= 3066
ADC = 2057 @ cycle-counter: 12 @ micros dT= 3267
ADC = 2059 @ cycle-counter: 12 @ micros dT= 3470
ADC = 2059 @ cycle-counter: 12 @ micros dT= 3671
ADC = 2058 @ cycle-counter: 12 @ micros dT= 3874
ADC = 2059 @ cycle-counter: 12 @ micros dT= 4076
ADC = 2057 @ cycle-counter: 12 @ micros dT= 4277
ADC = 2058 @ cycle-counter: 12 @ micros dT= 4480
ADC = 2059 @ cycle-counter: 12 @ micros dT= 8489
ADC = 2058 @ cycle-counter: 12 @ micros dT= 12689
ADC = 2058 @ cycle-counter: 12 @ micros dT= 16975
ADC = 2058 @ cycle-counter: 12 @ micros dT= 21261
ADC = 2058 @ cycle-counter: 12 @ micros dT= 25546
ADC = 2057 @ cycle-counter: 12 @ micros dT= 29832
ADC = 2057 @ cycle-counter: 12 @ micros dT= 34118
ADC = 2057 @ cycle-counter: 12 @ micros dT= 38404
ADC = 2059 @ cycle-counter: 12 @ micros dT= 42689
ADC = 2058 @ cycle-counter: 12 @ micros dT= 46975
ADC = 2058 @ cycle-counter: 12 @ micros dT= 51261
ADC = 2058 @ cycle-counter: 12 @ micros dT= 55546
ADC = 2058 @ cycle-counter: 12 @ micros dT= 59832
ADC = 2057 @ cycle-counter: 12 @ micros dT= 64118
ADC = 2057 @ cycle-counter: 12 @ micros dT= 68404
ADC = 2059 @ cycle-counter: 12 @ micros dT= 72689
ADC = 2058 @ cycle-counter: 12 @ micros dT= 76975
ADC = 2058 @ cycle-counter: 12 @ micros dT= 81261
ADC = 2058 @ cycle-counter: 12 @ micros dT= 85546
ADC = 2057 @ cycle-counter: 12 @ micros dT= 89832
ADC = 2057 @ cycle-counter: 12 @ micros dT= 94118
ADC = 2058 @ cycle-counter: 12 @ micros dT= 98404

ADC = 2058 @ cycle-counter: 13 @ micros dT= 80
ADC = 2058 @ cycle-counter: 13 @ micros dT= 265
ADC = 2058 @ cycle-counter: 13 @ micros dT= 462
ADC = 2057 @ cycle-counter: 13 @ micros dT= 656
ADC = 2058 @ cycle-counter: 13 @ micros dT= 850
ADC = 2058 @ cycle-counter: 13 @ micros dT= 1048
ADC = 2058 @ cycle-counter: 13 @ micros dT= 1249
ADC = 2058 @ cycle-counter: 13 @ micros dT= 1450
ADC = 2058 @ cycle-counter: 13 @ micros dT= 1653
ADC = 2058 @ cycle-counter: 13 @ micros dT= 1854
ADC = 2057 @ cycle-counter: 13 @ micros dT= 2056
ADC = 2058 @ cycle-counter: 13 @ micros dT= 2259
ADC = 2059 @ cycle-counter: 13 @ micros dT= 2460
ADC = 2058 @ cycle-counter: 13 @ micros dT= 2661
ADC = 2058 @ cycle-counter: 13 @ micros dT= 2864
ADC = 2058 @ cycle-counter: 13 @ micros dT= 3066
ADC = 2058 @ cycle-counter: 13 @ micros dT= 3267
ADC = 2059 @ cycle-counter: 13 @ micros dT= 3470
ADC = 2059 @ cycle-counter: 13 @ micros dT= 3671
ADC = 2058 @ cycle-counter: 13 @ micros dT= 3874
ADC = 2058 @ cycle-counter: 13 @ micros dT= 4076
ADC = 2057 @ cycle-counter: 13 @ micros dT= 4277
ADC = 2058 @ cycle-counter: 13 @ micros dT= 4480
ADC = 2059 @ cycle-counter: 13 @ micros dT= 8489
ADC = 2059 @ cycle-counter: 13 @ micros dT= 12689
ADC = 2058 @ cycle-counter: 13 @ micros dT= 16975
ADC = 2057 @ cycle-counter: 13 @ micros dT= 21261
ADC = 2058 @ cycle-counter: 13 @ micros dT= 25546
ADC = 2057 @ cycle-counter: 13 @ micros dT= 29832
ADC = 2057 @ cycle-counter: 13 @ micros dT= 34118
ADC = 2057 @ cycle-counter: 13 @ micros dT= 38404
ADC = 2059 @ cycle-counter: 13 @ micros dT= 42689
ADC = 2058 @ cycle-counter: 13 @ micros dT= 46975
ADC = 2058 @ cycle-counter: 13 @ micros dT= 51261
ADC = 2058 @ cycle-counter: 13 @ micros dT= 55546
ADC = 2057 @ cycle-counter: 13 @ micros dT= 59832
ADC = 2057 @ cycle-counter: 13 @ micros dT= 64118
ADC = 2057 @ cycle-counter: 13 @ micros dT= 68404
ADC = 2059 @ cycle-counter: 13 @ micros dT= 72689
ADC = 2058 @ cycle-counter: 13 @ micros dT= 76975
ADC = 2057 @ cycle-counter: 13 @ micros dT= 81261
ADC = 2058 @ cycle-counter: 13 @ micros dT= 85546
ADC = 2058 @ cycle-counter: 13 @ micros dT= 89832
ADC = 2057 @ cycle-counter: 13 @ micros dT= 94118
ADC = 2057 @ cycle-counter: 13 @ micros dT= 98404

ADC = 2059 @ cycle-counter: 14 @ micros dT= 80
ADC = 2058 @ cycle-counter: 14 @ micros dT= 265
ADC = 2058 @ cycle-counter: 14 @ micros dT= 462
ADC = 2057 @ cycle-counter: 14 @ micros dT= 656
ADC = 2057 @ cycle-counter: 14 @ micros dT= 850
ADC = 2058 @ cycle-counter: 14 @ micros dT= 1048
ADC = 2058 @ cycle-counter: 14 @ micros dT= 1249
ADC = 2058 @ cycle-counter: 14 @ micros dT= 1450
ADC = 2058 @ cycle-counter: 14 @ micros dT= 1653
ADC = 2058 @ cycle-counter: 14 @ micros dT= 1854
ADC = 2058 @ cycle-counter: 14 @ micros dT= 2056
ADC = 2058 @ cycle-counter: 14 @ micros dT= 2259
ADC = 2058 @ cycle-counter: 14 @ micros dT= 2460
ADC = 2058 @ cycle-counter: 14 @ micros dT= 2661
ADC = 2058 @ cycle-counter: 14 @ micros dT= 2864
ADC = 2058 @ cycle-counter: 14 @ micros dT= 3066
ADC = 2058 @ cycle-counter: 14 @ micros dT= 3267
ADC = 2058 @ cycle-counter: 14 @ micros dT= 3470
ADC = 2059 @ cycle-counter: 14 @ micros dT= 3671
ADC = 2058 @ cycle-counter: 14 @ micros dT= 3874
ADC = 2058 @ cycle-counter: 14 @ micros dT= 4076
ADC = 2058 @ cycle-counter: 14 @ micros dT= 4277
ADC = 2058 @ cycle-counter: 14 @ micros dT= 4480
ADC = 2059 @ cycle-counter: 14 @ micros dT= 8489
ADC = 2059 @ cycle-counter: 14 @ micros dT= 12689
ADC = 2058 @ cycle-counter: 14 @ micros dT= 16975
ADC = 2058 @ cycle-counter: 14 @ micros dT= 21261
ADC = 2058 @ cycle-counter: 14 @ micros dT= 25546
ADC = 2057 @ cycle-counter: 14 @ micros dT= 29832
ADC = 2057 @ cycle-counter: 14 @ micros dT= 34118
ADC = 2057 @ cycle-counter: 14 @ micros dT= 38404
ADC = 2059 @ cycle-counter: 14 @ micros dT= 42689
ADC = 2057 @ cycle-counter: 14 @ micros dT= 46975
ADC = 2058 @ cycle-counter: 14 @ micros dT= 51261
ADC = 2059 @ cycle-counter: 14 @ micros dT= 55546
ADC = 2058 @ cycle-counter: 14 @ micros dT= 59832
ADC = 2057 @ cycle-counter: 14 @ micros dT= 64118
ADC = 2057 @ cycle-counter: 14 @ micros dT= 68404
ADC = 2059 @ cycle-counter: 14 @ micros dT= 72689
ADC = 2057 @ cycle-counter: 14 @ micros dT= 76975
ADC = 2059 @ cycle-counter: 14 @ micros dT= 81261
ADC = 2059 @ cycle-counter: 14 @ micros dT= 85546
ADC = 2057 @ cycle-counter: 14 @ micros dT= 89832
ADC = 2057 @ cycle-counter: 14 @ micros dT= 94118
ADC = 2058 @ cycle-counter: 14 @ micros dT= 98404
ADC TS *ON*

ADC = 1032 @ cycle-counter: 15 @ micros dT= 81
ADC = 1031 @ cycle-counter: 15 @ micros dT= 268
ADC = 1027 @ cycle-counter: 15 @ micros dT= 462
ADC = 1031 @ cycle-counter: 15 @ micros dT= 657
ADC = 1031 @ cycle-counter: 15 @ micros dT= 853
ADC = 1028 @ cycle-counter: 15 @ micros dT= 1049
ADC = 1030 @ cycle-counter: 15 @ micros dT= 1249
ADC = 1029 @ cycle-counter: 15 @ micros dT= 1452
ADC = 1028 @ cycle-counter: 15 @ micros dT= 1653
ADC = 1029 @ cycle-counter: 15 @ micros dT= 1854
ADC = 1031 @ cycle-counter: 15 @ micros dT= 2058
ADC = 1028 @ cycle-counter: 15 @ micros dT= 2259
ADC = 1031 @ cycle-counter: 15 @ micros dT= 2460
ADC = 1034 @ cycle-counter: 15 @ micros dT= 2663
ADC = 1032 @ cycle-counter: 15 @ micros dT= 2864
ADC = 1029 @ cycle-counter: 15 @ micros dT= 3066
ADC = 1032 @ cycle-counter: 15 @ micros dT= 3269
ADC = 1032 @ cycle-counter: 15 @ micros dT= 3469
ADC = 1030 @ cycle-counter: 15 @ micros dT= 3670
ADC = 1030 @ cycle-counter: 15 @ micros dT= 3873
ADC = 1028 @ cycle-counter: 15 @ micros dT= 4075
ADC = 1029 @ cycle-counter: 15 @ micros dT= 4278
ADC = 1028 @ cycle-counter: 15 @ micros dT= 5292
ADC = 1031 @ cycle-counter: 15 @ micros dT= 9492
ADC = 1030 @ cycle-counter: 15 @ micros dT= 13692
ADC = 1029 @ cycle-counter: 15 @ micros dT= 17979
ADC = 1031 @ cycle-counter: 15 @ micros dT= 22263
ADC = 1028 @ cycle-counter: 15 @ micros dT= 26549
ADC = 1028 @ cycle-counter: 15 @ micros dT= 30835
ADC = 1030 @ cycle-counter: 15 @ micros dT= 35120
ADC = 1026 @ cycle-counter: 15 @ micros dT= 39406
ADC = 1027 @ cycle-counter: 15 @ micros dT= 43692
ADC = 1027 @ cycle-counter: 15 @ micros dT= 47979
ADC = 1028 @ cycle-counter: 15 @ micros dT= 52263
ADC = 1025 @ cycle-counter: 15 @ micros dT= 56549
ADC = 1031 @ cycle-counter: 15 @ micros dT= 60835
ADC = 1028 @ cycle-counter: 15 @ micros dT= 65120
ADC = 1029 @ cycle-counter: 15 @ micros dT= 69406
ADC = 1028 @ cycle-counter: 15 @ micros dT= 73692
ADC = 1028 @ cycle-counter: 15 @ micros dT= 77979
ADC = 1029 @ cycle-counter: 15 @ micros dT= 82263
ADC = 1027 @ cycle-counter: 15 @ micros dT= 86549
ADC = 1029 @ cycle-counter: 15 @ micros dT= 90835
ADC = 1032 @ cycle-counter: 15 @ micros dT= 95120
ADC = 1025 @ cycle-counter: 15 @ micros dT= 99406

ADC = 1025 @ cycle-counter: 16 @ micros dT= 80
ADC = 1023 @ cycle-counter: 16 @ micros dT= 265
ADC = 1027 @ cycle-counter: 16 @ micros dT= 462
ADC = 1028 @ cycle-counter: 16 @ micros dT= 656
ADC = 1027 @ cycle-counter: 16 @ micros dT= 850
ADC = 1027 @ cycle-counter: 16 @ micros dT= 1048
ADC = 1027 @ cycle-counter: 16 @ micros dT= 1249
ADC = 1025 @ cycle-counter: 16 @ micros dT= 1449
ADC = 1026 @ cycle-counter: 16 @ micros dT= 1652
ADC = 1026 @ cycle-counter: 16 @ micros dT= 1853
ADC = 1026 @ cycle-counter: 16 @ micros dT= 2055
ADC = 1029 @ cycle-counter: 16 @ micros dT= 2258
ADC = 1029 @ cycle-counter: 16 @ micros dT= 2459
ADC = 1027 @ cycle-counter: 16 @ micros dT= 2660
ADC = 1026 @ cycle-counter: 16 @ micros dT= 2862
ADC = 1026 @ cycle-counter: 16 @ micros dT= 3065
ADC = 1027 @ cycle-counter: 16 @ micros dT= 3265
ADC = 1024 @ cycle-counter: 16 @ micros dT= 3468
ADC = 1028 @ cycle-counter: 16 @ micros dT= 3669
ADC = 1027 @ cycle-counter: 16 @ micros dT= 3870
ADC = 1030 @ cycle-counter: 16 @ micros dT= 4074
ADC = 1029 @ cycle-counter: 16 @ micros dT= 4275
ADC = 1028 @ cycle-counter: 16 @ micros dT= 4478
ADC = 1027 @ cycle-counter: 16 @ micros dT= 8492
ADC = 1024 @ cycle-counter: 16 @ micros dT= 12692
ADC = 1029 @ cycle-counter: 16 @ micros dT= 16978
ADC = 1028 @ cycle-counter: 16 @ micros dT= 21263
ADC = 1032 @ cycle-counter: 16 @ micros dT= 25549
ADC = 1027 @ cycle-counter: 16 @ micros dT= 29835
ADC = 1026 @ cycle-counter: 16 @ micros dT= 34121
ADC = 1026 @ cycle-counter: 16 @ micros dT= 38406
ADC = 1027 @ cycle-counter: 16 @ micros dT= 42692
ADC = 1027 @ cycle-counter: 16 @ micros dT= 46978
ADC = 1025 @ cycle-counter: 16 @ micros dT= 51263
ADC = 1027 @ cycle-counter: 16 @ micros dT= 55549
ADC = 1027 @ cycle-counter: 16 @ micros dT= 59835
ADC = 1025 @ cycle-counter: 16 @ micros dT= 64121
ADC = 1031 @ cycle-counter: 16 @ micros dT= 68406
ADC = 1027 @ cycle-counter: 16 @ micros dT= 72692
ADC = 1029 @ cycle-counter: 16 @ micros dT= 76978
ADC = 1025 @ cycle-counter: 16 @ micros dT= 81263
ADC = 1029 @ cycle-counter: 16 @ micros dT= 85549
ADC = 1029 @ cycle-counter: 16 @ micros dT= 89835
ADC = 1028 @ cycle-counter: 16 @ micros dT= 94121
ADC = 1028 @ cycle-counter: 16 @ micros dT= 98406

ADC = 1027 @ cycle-counter: 17 @ micros dT= 80
ADC = 1028 @ cycle-counter: 17 @ micros dT= 265
ADC = 1028 @ cycle-counter: 17 @ micros dT= 462
ADC = 1028 @ cycle-counter: 17 @ micros dT= 656
ADC = 1026 @ cycle-counter: 17 @ micros dT= 850
ADC = 1027 @ cycle-counter: 17 @ micros dT= 1048
ADC = 1029 @ cycle-counter: 17 @ micros dT= 1249
ADC = 1027 @ cycle-counter: 17 @ micros dT= 1449
ADC = 1027 @ cycle-counter: 17 @ micros dT= 1652
ADC = 1026 @ cycle-counter: 17 @ micros dT= 1853
ADC = 1028 @ cycle-counter: 17 @ micros dT= 2055
ADC = 1029 @ cycle-counter: 17 @ micros dT= 2258
ADC = 1027 @ cycle-counter: 17 @ micros dT= 2459
ADC = 1027 @ cycle-counter: 17 @ micros dT= 2660
ADC = 1026 @ cycle-counter: 17 @ micros dT= 2862
ADC = 1026 @ cycle-counter: 17 @ micros dT= 3065
ADC = 1024 @ cycle-counter: 17 @ micros dT= 3265
ADC = 1027 @ cycle-counter: 17 @ micros dT= 3468
ADC = 1028 @ cycle-counter: 17 @ micros dT= 3669
ADC = 1027 @ cycle-counter: 17 @ micros dT= 3870
ADC = 1028 @ cycle-counter: 17 @ micros dT= 4074
ADC = 1028 @ cycle-counter: 17 @ micros dT= 4275
ADC = 1029 @ cycle-counter: 17 @ micros dT= 4478
ADC = 1026 @ cycle-counter: 17 @ micros dT= 8492
ADC = 1028 @ cycle-counter: 17 @ micros dT= 12692
ADC = 1026 @ cycle-counter: 17 @ micros dT= 16978
ADC = 1026 @ cycle-counter: 17 @ micros dT= 21263
ADC = 1029 @ cycle-counter: 17 @ micros dT= 25549
ADC = 1026 @ cycle-counter: 17 @ micros dT= 29835
ADC = 1027 @ cycle-counter: 17 @ micros dT= 34121
ADC = 1028 @ cycle-counter: 17 @ micros dT= 38406
ADC = 1028 @ cycle-counter: 17 @ micros dT= 42692
ADC = 1026 @ cycle-counter: 17 @ micros dT= 46978
ADC = 1027 @ cycle-counter: 17 @ micros dT= 51263
ADC = 1028 @ cycle-counter: 17 @ micros dT= 55549
ADC = 1027 @ cycle-counter: 17 @ micros dT= 59835
ADC = 1027 @ cycle-counter: 17 @ micros dT= 64121
ADC = 1029 @ cycle-counter: 17 @ micros dT= 68406
ADC = 1027 @ cycle-counter: 17 @ micros dT= 72692
ADC = 1031 @ cycle-counter: 17 @ micros dT= 76978
ADC = 1027 @ cycle-counter: 17 @ micros dT= 81263
ADC = 1031 @ cycle-counter: 17 @ micros dT= 85549
ADC = 1026 @ cycle-counter: 17 @ micros dT= 89835
ADC = 1026 @ cycle-counter: 17 @ micros dT= 94121
ADC = 1029 @ cycle-counter: 17 @ micros dT= 98406

ADC = 1030 @ cycle-counter: 18 @ micros dT= 80
ADC = 1024 @ cycle-counter: 18 @ micros dT= 265
ADC = 1027 @ cycle-counter: 18 @ micros dT= 462
ADC = 1029 @ cycle-counter: 18 @ micros dT= 656
ADC = 1027 @ cycle-counter: 18 @ micros dT= 850
ADC = 1026 @ cycle-counter: 18 @ micros dT= 1048
ADC = 1028 @ cycle-counter: 18 @ micros dT= 1249
ADC = 1028 @ cycle-counter: 18 @ micros dT= 1449
ADC = 1029 @ cycle-counter: 18 @ micros dT= 1652
ADC = 1030 @ cycle-counter: 18 @ micros dT= 1853
ADC = 1028 @ cycle-counter: 18 @ micros dT= 2055
ADC = 1028 @ cycle-counter: 18 @ micros dT= 2258
ADC = 1029 @ cycle-counter: 18 @ micros dT= 2459
ADC = 1027 @ cycle-counter: 18 @ micros dT= 2660
ADC = 1024 @ cycle-counter: 18 @ micros dT= 2862
ADC = 1026 @ cycle-counter: 18 @ micros dT= 3065
ADC = 1026 @ cycle-counter: 18 @ micros dT= 3265
ADC = 1027 @ cycle-counter: 18 @ micros dT= 3468
ADC = 1029 @ cycle-counter: 18 @ micros dT= 3669
ADC = 1027 @ cycle-counter: 18 @ micros dT= 3870
ADC = 1027 @ cycle-counter: 18 @ micros dT= 4074
ADC = 1031 @ cycle-counter: 18 @ micros dT= 4275
ADC = 1029 @ cycle-counter: 18 @ micros dT= 4478
ADC = 1024 @ cycle-counter: 18 @ micros dT= 8492
ADC = 1024 @ cycle-counter: 18 @ micros dT= 12692
ADC = 1028 @ cycle-counter: 18 @ micros dT= 16978
ADC = 1027 @ cycle-counter: 18 @ micros dT= 21263
ADC = 1029 @ cycle-counter: 18 @ micros dT= 25549
ADC = 1028 @ cycle-counter: 18 @ micros dT= 29835
ADC = 1027 @ cycle-counter: 18 @ micros dT= 34121
ADC = 1030 @ cycle-counter: 18 @ micros dT= 38406
ADC = 1027 @ cycle-counter: 18 @ micros dT= 42692
ADC = 1027 @ cycle-counter: 18 @ micros dT= 46978
ADC = 1025 @ cycle-counter: 18 @ micros dT= 51263
ADC = 1027 @ cycle-counter: 18 @ micros dT= 55549
ADC = 1026 @ cycle-counter: 18 @ micros dT= 59835
ADC = 1027 @ cycle-counter: 18 @ micros dT= 64121
ADC = 1030 @ cycle-counter: 18 @ micros dT= 68406
ADC = 1026 @ cycle-counter: 18 @ micros dT= 72692
ADC = 1027 @ cycle-counter: 18 @ micros dT= 76978
ADC = 1026 @ cycle-counter: 18 @ micros dT= 81263
ADC = 1031 @ cycle-counter: 18 @ micros dT= 85549
ADC = 1024 @ cycle-counter: 18 @ micros dT= 89835
ADC = 1026 @ cycle-counter: 18 @ micros dT= 94121
ADC = 1029 @ cycle-counter: 18 @ micros dT= 98406

ADC = 1028 @ cycle-counter: 19 @ micros dT= 80
ADC = 1025 @ cycle-counter: 19 @ micros dT= 265
ADC = 1028 @ cycle-counter: 19 @ micros dT= 462
ADC = 1027 @ cycle-counter: 19 @ micros dT= 656
ADC = 1028 @ cycle-counter: 19 @ micros dT= 850
ADC = 1025 @ cycle-counter: 19 @ micros dT= 1048
ADC = 1029 @ cycle-counter: 19 @ micros dT= 1249
ADC = 1029 @ cycle-counter: 19 @ micros dT= 1449
ADC = 1025 @ cycle-counter: 19 @ micros dT= 1652
ADC = 1028 @ cycle-counter: 19 @ micros dT= 1853
ADC = 1027 @ cycle-counter: 19 @ micros dT= 2055
ADC = 1026 @ cycle-counter: 19 @ micros dT= 2258
ADC = 1028 @ cycle-counter: 19 @ micros dT= 2459
ADC = 1027 @ cycle-counter: 19 @ micros dT= 2660
ADC = 1026 @ cycle-counter: 19 @ micros dT= 2862
ADC = 1027 @ cycle-counter: 19 @ micros dT= 3065
ADC = 1027 @ cycle-counter: 19 @ micros dT= 3265
ADC = 1027 @ cycle-counter: 19 @ micros dT= 3468
ADC = 1030 @ cycle-counter: 19 @ micros dT= 3669
ADC = 1027 @ cycle-counter: 19 @ micros dT= 3870
ADC = 1028 @ cycle-counter: 19 @ micros dT= 4074
ADC = 1029 @ cycle-counter: 19 @ micros dT= 4275
ADC = 1029 @ cycle-counter: 19 @ micros dT= 4478
ADC = 1025 @ cycle-counter: 19 @ micros dT= 8492
ADC = 1025 @ cycle-counter: 19 @ micros dT= 12692
ADC = 1029 @ cycle-counter: 19 @ micros dT= 16978
ADC = 1028 @ cycle-counter: 19 @ micros dT= 21263
ADC = 1028 @ cycle-counter: 19 @ micros dT= 25549
ADC = 1027 @ cycle-counter: 19 @ micros dT= 29835
ADC = 1028 @ cycle-counter: 19 @ micros dT= 34121
ADC = 1029 @ cycle-counter: 19 @ micros dT= 38406
ADC = 1022 @ cycle-counter: 19 @ micros dT= 42692
ADC = 1028 @ cycle-counter: 19 @ micros dT= 46978
ADC = 1026 @ cycle-counter: 19 @ micros dT= 51263
ADC = 1027 @ cycle-counter: 19 @ micros dT= 55549
ADC = 1025 @ cycle-counter: 19 @ micros dT= 59835
ADC = 1027 @ cycle-counter: 19 @ micros dT= 64121
ADC = 1031 @ cycle-counter: 19 @ micros dT= 68406
ADC = 1025 @ cycle-counter: 19 @ micros dT= 72692
ADC = 1029 @ cycle-counter: 19 @ micros dT= 76978
ADC = 1027 @ cycle-counter: 19 @ micros dT= 81263
ADC = 1029 @ cycle-counter: 19 @ micros dT= 85549
ADC = 1022 @ cycle-counter: 19 @ micros dT= 89835
ADC = 1027 @ cycle-counter: 19 @ micros dT= 94121
ADC = 1031 @ cycle-counter: 19 @ micros dT= 98406
ADC *OFF*

ADC = 1028 @ cycle-counter: 20 @ micros dT= 79
ADC = 1028 @ cycle-counter: 20 @ micros dT= 100071

ADC = 1028 @ cycle-counter: 21 @ micros dT= 100070

ADC = 1028 @ cycle-counter: 22 @ micros dT= 100070

ADC = 1028 @ cycle-counter: 23 @ micros dT= 100070

ADC = 1028 @ cycle-counter: 24 @ micros dT= 100070

ADC = 1028 @ cycle-counter: 25 @ micros dT= 100070

ADC = 1028 @ cycle-counter: 26 @ micros dT= 100070

ADC = 1028 @ cycle-counter: 27 @ micros dT= 100070

ADC = 1028 @ cycle-counter: 28 @ micros dT= 100070

ADC = 1028 @ cycle-counter: 29 @ micros dT= 100070

ADC = 1028 @ cycle-counter: 30 @ micros dT= 100070

ADC = 1028 @ cycle-counter: 31 @ micros dT= 100070

ADC = 1028 @ cycle-counter: 32 @ micros dT= 100070

ADC = 1028 @ cycle-counter: 33 @ micros dT= 100070

ADC = 1028 @ cycle-counter: 34 @ micros dT= 100070

ADC = 1028 @ cycle-counter: 35 @ micros dT= 100070

ADC = 1028 @ cycle-counter: 36 @ micros dT= 100070

ADC = 1028 @ cycle-counter: 37 @ micros dT= 100070

ADC = 1028 @ cycle-counter: 38 @ micros dT= 100070

ADC = 1028 @ cycle-counter: 39 @ micros dT= 100070

ADC = 1028 @ cycle-counter: 40 @ micros dT= 100070

ADC = 1028 @ cycle-counter: 41 @ micros dT= 100070

ADC = 1028 @ cycle-counter: 42 @ micros dT= 100070

ADC = 1028 @ cycle-counter: 43 @ micros dT= 100070

ADC = 1028 @ cycle-counter: 44 @ micros dT= 100070

ADC = 1028 @ cycle-counter: 45 @ micros dT= 100070

ADC = 1028 @ cycle-counter: 46 @ micros dT= 100070

ADC = 1028 @ cycle-counter: 47 @ micros dT= 100070

ADC = 1028 @ cycle-counter: 48 @ micros dT= 100070

ADC = 1028 @ cycle-counter: 49 @ micros dT= 100070

ADC = 1028 @ cycle-counter: 50 @ micros dT= 100070

ADC = 1028 @ cycle-counter: 51 @ micros dT= 100070

ADC = 1028 @ cycle-counter: 52 @ micros dT= 100070

ADC = 1028 @ cycle-counter: 53 @ micros dT= 100070

ADC = 1028 @ cycle-counter: 54 @ micros dT= 100070

ADC = 1028 @ cycle-counter: 55 @ micros dT= 100070

ADC = 1028 @ cycle-counter: 56 @ micros dT= 100070

ADC = 1028 @ cycle-counter: 57 @ micros dT= 100070

ADC = 1028 @ cycle-counter: 58 @ micros dT= 100070

ADC = 1028 @ cycle-counter: 59 @ micros dT= 100070

ADC = 1028 @ cycle-counter: 60 @ micros dT= 100070
...RESET CYCLE...

ADC = 1028 @ cycle-counter: 0 @ micros dT= 100062

ADC = 1028 @ cycle-counter: 1 @ micros dT= 100061

ADC = 1028 @ cycle-counter: 2 @ micros dT= 100061

ADC = 1028 @ cycle-counter: 3 @ micros dT= 100061

ADC = 1028 @ cycle-counter: 4 @ micros dT= 100061
ADC *ON*

ADC = 170 @ cycle-counter: 5 @ micros dT= 96
ADC = 2057 @ cycle-counter: 5 @ micros dT= 271
ADC = 2056 @ cycle-counter: 5 @ micros dT= 454
ADC = 2057 @ cycle-counter: 5 @ micros dT= 637
ADC = 2057 @ cycle-counter: 5 @ micros dT= 820
ADC = 2057 @ cycle-counter: 5 @ micros dT= 1004
ADC = 2058 @ cycle-counter: 5 @ micros dT= 1196
ADC = 2058 @ cycle-counter: 5 @ micros dT= 1386
ADC = 2057 @ cycle-counter: 5 @ micros dT= 1575
ADC = 2057 @ cycle-counter: 5 @ micros dT= 1765
ADC = 2058 @ cycle-counter: 5 @ micros dT= 1955
ADC = 2058 @ cycle-counter: 5 @ micros dT= 2148
ADC = 2057 @ cycle-counter: 5 @ micros dT= 2337
ADC = 2058 @ cycle-counter: 5 @ micros dT= 2527
ADC = 2058 @ cycle-counter: 5 @ micros dT= 2717
ADC = 2057 @ cycle-counter: 5 @ micros dT= 2909
ADC = 2058 @ cycle-counter: 5 @ micros dT= 3100
ADC = 2057 @ cycle-counter: 5 @ micros dT= 3289
ADC = 2058 @ cycle-counter: 5 @ micros dT= 3479
ADC = 2058 @ cycle-counter: 5 @ micros dT= 3669
ADC = 2058 @ cycle-counter: 5 @ micros dT= 3861
ADC = 2057 @ cycle-counter: 5 @ micros dT= 4051
ADC = 2057 @ cycle-counter: 5 @ micros dT= 4241
ADC = 2057 @ cycle-counter: 5 @ micros dT= 7171
ADC = 2058 @ cycle-counter: 5 @ micros dT= 11286
ADC = 2058 @ cycle-counter: 5 @ micros dT= 15486
ADC = 2058 @ cycle-counter: 5 @ micros dT= 19686
ADC = 2058 @ cycle-counter: 5 @ micros dT= 23886
ADC = 2057 @ cycle-counter: 5 @ micros dT= 28086
ADC = 2058 @ cycle-counter: 5 @ micros dT= 32286
ADC = 2059 @ cycle-counter: 5 @ micros dT= 36486
ADC = 2058 @ cycle-counter: 5 @ micros dT= 40686
ADC = 2058 @ cycle-counter: 5 @ micros dT= 44886
ADC = 2057 @ cycle-counter: 5 @ micros dT= 49086
ADC = 2058 @ cycle-counter: 5 @ micros dT= 53286
ADC = 2058 @ cycle-counter: 5 @ micros dT= 57486
ADC = 2057 @ cycle-counter: 5 @ micros dT= 61686
ADC = 2058 @ cycle-counter: 5 @ micros dT= 65886
ADC = 2058 @ cycle-counter: 5 @ micros dT= 70086
ADC = 2058 @ cycle-counter: 5 @ micros dT= 74286
ADC = 2058 @ cycle-counter: 5 @ micros dT= 78486
ADC = 2058 @ cycle-counter: 5 @ micros dT= 82686
ADC = 2058 @ cycle-counter: 5 @ micros dT= 86886
ADC = 2057 @ cycle-counter: 5 @ micros dT= 91086
ADC = 2058 @ cycle-counter: 5 @ micros dT= 95286
ADC = 2058 @ cycle-counter: 5 @ micros dT= 99486

ADC = 2057 @ cycle-counter: 6 @ micros dT= 70
ADC = 2057 @ cycle-counter: 6 @ micros dT= 247
ADC = 2058 @ cycle-counter: 6 @ micros dT= 430
ADC = 2058 @ cycle-counter: 6 @ micros dT= 613
ADC = 2058 @ cycle-counter: 6 @ micros dT= 798
ADC = 2058 @ cycle-counter: 6 @ micros dT= 981
ADC = 2058 @ cycle-counter: 6 @ micros dT= 1165
ADC = 2058 @ cycle-counter: 6 @ micros dT= 1355
ADC = 2058 @ cycle-counter: 6 @ micros dT= 1544
ADC = 2058 @ cycle-counter: 6 @ micros dT= 1736
ADC = 2058 @ cycle-counter: 6 @ micros dT= 1926
ADC = 2057 @ cycle-counter: 6 @ micros dT= 2117
ADC = 2058 @ cycle-counter: 6 @ micros dT= 2307
ADC = 2058 @ cycle-counter: 6 @ micros dT= 2496
ADC = 2057 @ cycle-counter: 6 @ micros dT= 2688
ADC = 2059 @ cycle-counter: 6 @ micros dT= 2878
ADC = 2058 @ cycle-counter: 6 @ micros dT= 3069
ADC = 2058 @ cycle-counter: 6 @ micros dT= 3258
ADC = 2058 @ cycle-counter: 6 @ micros dT= 3450
ADC = 2057 @ cycle-counter: 6 @ micros dT= 3640
ADC = 2058 @ cycle-counter: 6 @ micros dT= 3829
ADC = 2058 @ cycle-counter: 6 @ micros dT= 4020
ADC = 2058 @ cycle-counter: 6 @ micros dT= 4210
ADC = 2057 @ cycle-counter: 6 @ micros dT= 6423
ADC = 2057 @ cycle-counter: 6 @ micros dT= 10537
ADC = 2058 @ cycle-counter: 6 @ micros dT= 14737
ADC = 2058 @ cycle-counter: 6 @ micros dT= 18937
ADC = 2058 @ cycle-counter: 6 @ micros dT= 23137
ADC = 2058 @ cycle-counter: 6 @ micros dT= 27337
ADC = 2058 @ cycle-counter: 6 @ micros dT= 31537
ADC = 2058 @ cycle-counter: 6 @ micros dT= 35737
ADC = 2058 @ cycle-counter: 6 @ micros dT= 39937
ADC = 2058 @ cycle-counter: 6 @ micros dT= 44137
ADC = 2058 @ cycle-counter: 6 @ micros dT= 48337
ADC = 2058 @ cycle-counter: 6 @ micros dT= 52537
ADC = 2058 @ cycle-counter: 6 @ micros dT= 56737
ADC = 2057 @ cycle-counter: 6 @ micros dT= 60937
ADC = 2058 @ cycle-counter: 6 @ micros dT= 65137
ADC = 2058 @ cycle-counter: 6 @ micros dT= 69337
ADC = 2058 @ cycle-counter: 6 @ micros dT= 73537
ADC = 2058 @ cycle-counter: 6 @ micros dT= 77737
ADC = 2058 @ cycle-counter: 6 @ micros dT= 81937
ADC = 2057 @ cycle-counter: 6 @ micros dT= 86137
ADC = 2058 @ cycle-counter: 6 @ micros dT= 90337
ADC = 2058 @ cycle-counter: 6 @ micros dT= 94537
ADC = 2058 @ cycle-counter: 6 @ micros dT= 98737

ADC = 2057 @ cycle-counter: 7 @ micros dT= 70
ADC = 2058 @ cycle-counter: 7 @ micros dT= 247
ADC = 2057 @ cycle-counter: 7 @ micros dT= 430
ADC = 2058 @ cycle-counter: 7 @ micros dT= 613
ADC = 2058 @ cycle-counter: 7 @ micros dT= 798
ADC = 2058 @ cycle-counter: 7 @ micros dT= 981
ADC = 2058 @ cycle-counter: 7 @ micros dT= 1165
ADC = 2057 @ cycle-counter: 7 @ micros dT= 1355
ADC = 2058 @ cycle-counter: 7 @ micros dT= 1544
ADC = 2058 @ cycle-counter: 7 @ micros dT= 1736
ADC = 2058 @ cycle-counter: 7 @ micros dT= 1926
ADC = 2057 @ cycle-counter: 7 @ micros dT= 2117
ADC = 2057 @ cycle-counter: 7 @ micros dT= 2307
ADC = 2058 @ cycle-counter: 7 @ micros dT= 2496
ADC = 2057 @ cycle-counter: 7 @ micros dT= 2688
ADC = 2059 @ cycle-counter: 7 @ micros dT= 2878
ADC = 2059 @ cycle-counter: 7 @ micros dT= 3069
ADC = 2058 @ cycle-counter: 7 @ micros dT= 3258
ADC = 2057 @ cycle-counter: 7 @ micros dT= 3450
ADC = 2057 @ cycle-counter: 7 @ micros dT= 3640
ADC = 2058 @ cycle-counter: 7 @ micros dT= 3829
ADC = 2058 @ cycle-counter: 7 @ micros dT= 4020
ADC = 2057 @ cycle-counter: 7 @ micros dT= 4210
ADC = 2056 @ cycle-counter: 7 @ micros dT= 6423
ADC = 2058 @ cycle-counter: 7 @ micros dT= 10537
ADC = 2058 @ cycle-counter: 7 @ micros dT= 14737
ADC = 2058 @ cycle-counter: 7 @ micros dT= 18937
ADC = 2058 @ cycle-counter: 7 @ micros dT= 23137
ADC = 2058 @ cycle-counter: 7 @ micros dT= 27337
ADC = 2058 @ cycle-counter: 7 @ micros dT= 31537
ADC = 2058 @ cycle-counter: 7 @ micros dT= 35737
ADC = 2058 @ cycle-counter: 7 @ micros dT= 39937
ADC = 2058 @ cycle-counter: 7 @ micros dT= 44137
ADC = 2059 @ cycle-counter: 7 @ micros dT= 48337
ADC = 2058 @ cycle-counter: 7 @ micros dT= 52537
ADC = 2058 @ cycle-counter: 7 @ micros dT= 56737
ADC = 2058 @ cycle-counter: 7 @ micros dT= 60937
ADC = 2058 @ cycle-counter: 7 @ micros dT= 65137
ADC = 2057 @ cycle-counter: 7 @ micros dT= 69337
ADC = 2058 @ cycle-counter: 7 @ micros dT= 73537
ADC = 2058 @ cycle-counter: 7 @ micros dT= 77737
ADC = 2058 @ cycle-counter: 7 @ micros dT= 81937
ADC = 2058 @ cycle-counter: 7 @ micros dT= 86137
ADC = 2058 @ cycle-counter: 7 @ micros dT= 90337
ADC = 2058 @ cycle-counter: 7 @ micros dT= 94537
ADC = 2058 @ cycle-counter: 7 @ micros dT= 98737

ADC = 2057 @ cycle-counter: 8 @ micros dT= 70
ADC = 2058 @ cycle-counter: 8 @ micros dT= 247
ADC = 2057 @ cycle-counter: 8 @ micros dT= 430
ADC = 2057 @ cycle-counter: 8 @ micros dT= 613
ADC = 2058 @ cycle-counter: 8 @ micros dT= 798
ADC = 2058 @ cycle-counter: 8 @ micros dT= 981
ADC = 2058 @ cycle-counter: 8 @ micros dT= 1165
ADC = 2058 @ cycle-counter: 8 @ micros dT= 1355
ADC = 2058 @ cycle-counter: 8 @ micros dT= 1544
ADC = 2058 @ cycle-counter: 8 @ micros dT= 1736
ADC = 2058 @ cycle-counter: 8 @ micros dT= 1926
ADC = 2058 @ cycle-counter: 8 @ micros dT= 2117
ADC = 2058 @ cycle-counter: 8 @ micros dT= 2307
ADC = 2057 @ cycle-counter: 8 @ micros dT= 2496
ADC = 2058 @ cycle-counter: 8 @ micros dT= 2688
ADC = 2058 @ cycle-counter: 8 @ micros dT= 2878
ADC = 2058 @ cycle-counter: 8 @ micros dT= 3069
ADC = 2057 @ cycle-counter: 8 @ micros dT= 3258
ADC = 2057 @ cycle-counter: 8 @ micros dT= 3450
ADC = 2058 @ cycle-counter: 8 @ micros dT= 3640
ADC = 2058 @ cycle-counter: 8 @ micros dT= 3829
ADC = 2059 @ cycle-counter: 8 @ micros dT= 4020
ADC = 2057 @ cycle-counter: 8 @ micros dT= 4210
ADC = 2058 @ cycle-counter: 8 @ micros dT= 6423
ADC = 2058 @ cycle-counter: 8 @ micros dT= 10537
ADC = 2058 @ cycle-counter: 8 @ micros dT= 14737
ADC = 2058 @ cycle-counter: 8 @ micros dT= 18937
ADC = 2058 @ cycle-counter: 8 @ micros dT= 23137
ADC = 2058 @ cycle-counter: 8 @ micros dT= 27337
ADC = 2058 @ cycle-counter: 8 @ micros dT= 31537
ADC = 2058 @ cycle-counter: 8 @ micros dT= 35737
ADC = 2058 @ cycle-counter: 8 @ micros dT= 39937
ADC = 2058 @ cycle-counter: 8 @ micros dT= 44137
ADC = 2058 @ cycle-counter: 8 @ micros dT= 48337
ADC = 2058 @ cycle-counter: 8 @ micros dT= 52537
ADC = 2058 @ cycle-counter: 8 @ micros dT= 56737
ADC = 2058 @ cycle-counter: 8 @ micros dT= 60937
ADC = 2057 @ cycle-counter: 8 @ micros dT= 65137
ADC = 2058 @ cycle-counter: 8 @ micros dT= 69337
ADC = 2058 @ cycle-counter: 8 @ micros dT= 73537
ADC = 2058 @ cycle-counter: 8 @ micros dT= 77737
ADC = 2058 @ cycle-counter: 8 @ micros dT= 81937
ADC = 2058 @ cycle-counter: 8 @ micros dT= 86137
ADC = 2058 @ cycle-counter: 8 @ micros dT= 90337
ADC = 2058 @ cycle-counter: 8 @ micros dT= 94537
ADC = 2058 @ cycle-counter: 8 @ micros dT= 98737

ADC = 2058 @ cycle-counter: 9 @ micros dT= 70
ADC = 2058 @ cycle-counter: 9 @ micros dT= 247
ADC = 2058 @ cycle-counter: 9 @ micros dT= 430
ADC = 2058 @ cycle-counter: 9 @ micros dT= 613
ADC = 2058 @ cycle-counter: 9 @ micros dT= 798
ADC = 2059 @ cycle-counter: 9 @ micros dT= 981
ADC = 2057 @ cycle-counter: 9 @ micros dT= 1165
ADC = 2057 @ cycle-counter: 9 @ micros dT= 1355
ADC = 2058 @ cycle-counter: 9 @ micros dT= 1544
ADC = 2058 @ cycle-counter: 9 @ micros dT= 1736
ADC = 2058 @ cycle-counter: 9 @ micros dT= 1926
ADC = 2057 @ cycle-counter: 9 @ micros dT= 2117
ADC = 2058 @ cycle-counter: 9 @ micros dT= 2307
ADC = 2058 @ cycle-counter: 9 @ micros dT= 2496
ADC = 2058 @ cycle-counter: 9 @ micros dT= 2688
ADC = 2059 @ cycle-counter: 9 @ micros dT= 2878
ADC = 2059 @ cycle-counter: 9 @ micros dT= 3069
ADC = 2057 @ cycle-counter: 9 @ micros dT= 3258
ADC = 2058 @ cycle-counter: 9 @ micros dT= 3450
ADC = 2057 @ cycle-counter: 9 @ micros dT= 3640
ADC = 2057 @ cycle-counter: 9 @ micros dT= 3829
ADC = 2058 @ cycle-counter: 9 @ micros dT= 4020
ADC = 2057 @ cycle-counter: 9 @ micros dT= 4210
ADC = 2057 @ cycle-counter: 9 @ micros dT= 6423
ADC = 2058 @ cycle-counter: 9 @ micros dT= 10537
ADC = 2058 @ cycle-counter: 9 @ micros dT= 14737
ADC = 2058 @ cycle-counter: 9 @ micros dT= 18937
ADC = 2059 @ cycle-counter: 9 @ micros dT= 23137
ADC = 2059 @ cycle-counter: 9 @ micros dT= 27337
ADC = 2058 @ cycle-counter: 9 @ micros dT= 31537
ADC = 2057 @ cycle-counter: 9 @ micros dT= 35737
ADC = 2058 @ cycle-counter: 9 @ micros dT= 39937
ADC = 2058 @ cycle-counter: 9 @ micros dT= 44137
ADC = 2057 @ cycle-counter: 9 @ micros dT= 48337
ADC = 2058 @ cycle-counter: 9 @ micros dT= 52537
ADC = 2058 @ cycle-counter: 9 @ micros dT= 56737
ADC = 2058 @ cycle-counter: 9 @ micros dT= 60937
ADC = 2058 @ cycle-counter: 9 @ micros dT= 65137
ADC = 2058 @ cycle-counter: 9 @ micros dT= 69337
ADC = 2058 @ cycle-counter: 9 @ micros dT= 73537
ADC = 2058 @ cycle-counter: 9 @ micros dT= 77737
ADC = 2058 @ cycle-counter: 9 @ micros dT= 81937
ADC = 2058 @ cycle-counter: 9 @ micros dT= 86137
ADC = 2057 @ cycle-counter: 9 @ micros dT= 90337
ADC = 2059 @ cycle-counter: 9 @ micros dT= 94537
ADC = 2058 @ cycle-counter: 9 @ micros dT= 98737
ADC TS *OFF*

ADC = 2057 @ cycle-counter: 10 @ micros dT= 81
ADC = 2058 @ cycle-counter: 10 @ micros dT= 268
ADC = 2058 @ cycle-counter: 10 @ micros dT= 463
ADC = 2058 @ cycle-counter: 10 @ micros dT= 657
ADC = 2058 @ cycle-counter: 10 @ micros dT= 853
ADC = 2058 @ cycle-counter: 10 @ micros dT= 1049
ADC = 2058 @ cycle-counter: 10 @ micros dT= 1250
ADC = 2058 @ cycle-counter: 10 @ micros dT= 1453
ADC = 2058 @ cycle-counter: 10 @ micros dT= 1654
ADC = 2058 @ cycle-counter: 10 @ micros dT= 1854
ADC = 2058 @ cycle-counter: 10 @ micros dT= 2059
ADC = 2058 @ cycle-counter: 10 @ micros dT= 2259
ADC = 2058 @ cycle-counter: 10 @ micros dT= 2460
ADC = 2058 @ cycle-counter: 10 @ micros dT= 2663
ADC = 2058 @ cycle-counter: 10 @ micros dT= 2864
ADC = 2058 @ cycle-counter: 10 @ micros dT= 3066
ADC = 2057 @ cycle-counter: 10 @ micros dT= 3269
ADC = 2057 @ cycle-counter: 10 @ micros dT= 3470
ADC = 2057 @ cycle-counter: 10 @ micros dT= 3671
ADC = 2058 @ cycle-counter: 10 @ micros dT= 3874
ADC = 2056 @ cycle-counter: 10 @ micros dT= 4076
ADC = 2058 @ cycle-counter: 10 @ micros dT= 4279
ADC = 2059 @ cycle-counter: 10 @ micros dT= 5376
ADC = 2059 @ cycle-counter: 10 @ micros dT= 9576
ADC = 2059 @ cycle-counter: 10 @ micros dT= 13776
ADC = 2058 @ cycle-counter: 10 @ micros dT= 18061
ADC = 2057 @ cycle-counter: 10 @ micros dT= 22347
ADC = 2057 @ cycle-counter: 10 @ micros dT= 26633
ADC = 2057 @ cycle-counter: 10 @ micros dT= 30918
ADC = 2056 @ cycle-counter: 10 @ micros dT= 35204
ADC = 2059 @ cycle-counter: 10 @ micros dT= 39490
ADC = 2058 @ cycle-counter: 10 @ micros dT= 43776
ADC = 2058 @ cycle-counter: 10 @ micros dT= 48061
ADC = 2058 @ cycle-counter: 10 @ micros dT= 52347
ADC = 2058 @ cycle-counter: 10 @ micros dT= 56633
ADC = 2058 @ cycle-counter: 10 @ micros dT= 60918
ADC = 2057 @ cycle-counter: 10 @ micros dT= 65204
ADC = 2058 @ cycle-counter: 10 @ micros dT= 69490
ADC = 2059 @ cycle-counter: 10 @ micros dT= 73776
ADC = 2059 @ cycle-counter: 10 @ micros dT= 78061
ADC = 2058 @ cycle-counter: 10 @ micros dT= 82347
ADC = 2057 @ cycle-counter: 10 @ micros dT= 86633
ADC = 2058 @ cycle-counter: 10 @ micros dT= 90918
ADC = 2057 @ cycle-counter: 10 @ micros dT= 95204
ADC = 2059 @ cycle-counter: 10 @ micros dT= 99490

ADC = 2058 @ cycle-counter: 11 @ micros dT= 80
ADC = 2058 @ cycle-counter: 11 @ micros dT= 266
ADC = 2058 @ cycle-counter: 11 @ micros dT= 462
ADC = 2058 @ cycle-counter: 11 @ micros dT= 656
ADC = 2058 @ cycle-counter: 11 @ micros dT= 851
ADC = 2057 @ cycle-counter: 11 @ micros dT= 1048
ADC = 2059 @ cycle-counter: 11 @ micros dT= 1249
ADC = 2057 @ cycle-counter: 11 @ micros dT= 1450
ADC = 2057 @ cycle-counter: 11 @ micros dT= 1653
ADC = 2058 @ cycle-counter: 11 @ micros dT= 1854
ADC = 2058 @ cycle-counter: 11 @ micros dT= 2056
ADC = 2057 @ cycle-counter: 11 @ micros dT= 2259
ADC = 2057 @ cycle-counter: 11 @ micros dT= 2460
ADC = 2059 @ cycle-counter: 11 @ micros dT= 2661
ADC = 2058 @ cycle-counter: 11 @ micros dT= 2864
ADC = 2058 @ cycle-counter: 11 @ micros dT= 3066
ADC = 2058 @ cycle-counter: 11 @ micros dT= 3266
ADC = 2057 @ cycle-counter: 11 @ micros dT= 3469
ADC = 2058 @ cycle-counter: 11 @ micros dT= 3670
ADC = 2058 @ cycle-counter: 11 @ micros dT= 3871
ADC = 2057 @ cycle-counter: 11 @ micros dT= 4075
ADC = 2057 @ cycle-counter: 11 @ micros dT= 4276
ADC = 2058 @ cycle-counter: 11 @ micros dT= 4479
ADC = 2057 @ cycle-counter: 11 @ micros dT= 8492
ADC = 2057 @ cycle-counter: 11 @ micros dT= 12692
ADC = 2059 @ cycle-counter: 11 @ micros dT= 16978
ADC = 2059 @ cycle-counter: 11 @ micros dT= 21264
ADC = 2058 @ cycle-counter: 11 @ micros dT= 25549
ADC = 2058 @ cycle-counter: 11 @ micros dT= 29835
ADC = 2058 @ cycle-counter: 11 @ micros dT= 34121
ADC = 2058 @ cycle-counter: 11 @ micros dT= 38406
ADC = 2056 @ cycle-counter: 11 @ micros dT= 42692
ADC = 2059 @ cycle-counter: 11 @ micros dT= 46978
ADC = 2059 @ cycle-counter: 11 @ micros dT= 51264
ADC = 2058 @ cycle-counter: 11 @ micros dT= 55549
ADC = 2058 @ cycle-counter: 11 @ micros dT= 59835
ADC = 2058 @ cycle-counter: 11 @ micros dT= 64121
ADC = 2058 @ cycle-counter: 11 @ micros dT= 68406
ADC = 2057 @ cycle-counter: 11 @ micros dT= 72692
ADC = 2059 @ cycle-counter: 11 @ micros dT= 76978
ADC = 2058 @ cycle-counter: 11 @ micros dT= 81264
ADC = 2058 @ cycle-counter: 11 @ micros dT= 85549
ADC = 2058 @ cycle-counter: 11 @ micros dT= 89835
ADC = 2058 @ cycle-counter: 11 @ micros dT= 94121
ADC = 2058 @ cycle-counter: 11 @ micros dT= 98406

ADC = 2058 @ cycle-counter: 12 @ micros dT= 80
ADC = 2058 @ cycle-counter: 12 @ micros dT= 266
ADC = 2057 @ cycle-counter: 12 @ micros dT= 462
ADC = 2058 @ cycle-counter: 12 @ micros dT= 656
ADC = 2059 @ cycle-counter: 12 @ micros dT= 851
ADC = 2057 @ cycle-counter: 12 @ micros dT= 1048
ADC = 2058 @ cycle-counter: 12 @ micros dT= 1249
ADC = 2058 @ cycle-counter: 12 @ micros dT= 1450
ADC = 2058 @ cycle-counter: 12 @ micros dT= 1653
ADC = 2058 @ cycle-counter: 12 @ micros dT= 1854
ADC = 2058 @ cycle-counter: 12 @ micros dT= 2056
ADC = 2057 @ cycle-counter: 12 @ micros dT= 2259
ADC = 2057 @ cycle-counter: 12 @ micros dT= 2460
ADC = 2058 @ cycle-counter: 12 @ micros dT= 2661
ADC = 2059 @ cycle-counter: 12 @ micros dT= 2864
ADC = 2058 @ cycle-counter: 12 @ micros dT= 3066
ADC = 2058 @ cycle-counter: 12 @ micros dT= 3266
ADC = 2057 @ cycle-counter: 12 @ micros dT= 3469
ADC = 2057 @ cycle-counter: 12 @ micros dT= 3670
ADC = 2058 @ cycle-counter: 12 @ micros dT= 3871
ADC = 2057 @ cycle-counter: 12 @ micros dT= 4075
ADC = 2057 @ cycle-counter: 12 @ micros dT= 4276
ADC = 2058 @ cycle-counter: 12 @ micros dT= 4479
ADC = 2057 @ cycle-counter: 12 @ micros dT= 8492
ADC = 2057 @ cycle-counter: 12 @ micros dT= 12692
ADC = 2058 @ cycle-counter: 12 @ micros dT= 16978
ADC = 2058 @ cycle-counter: 12 @ micros dT= 21264
ADC = 2058 @ cycle-counter: 12 @ micros dT= 25549
ADC = 2058 @ cycle-counter: 12 @ micros dT= 29835
ADC = 2057 @ cycle-counter: 12 @ micros dT= 34121
ADC = 2058 @ cycle-counter: 12 @ micros dT= 38406
ADC = 2057 @ cycle-counter: 12 @ micros dT= 42692
ADC = 2058 @ cycle-counter: 12 @ micros dT= 46978
ADC = 2059 @ cycle-counter: 12 @ micros dT= 51264
ADC = 2058 @ cycle-counter: 12 @ micros dT= 55549
ADC = 2058 @ cycle-counter: 12 @ micros dT= 59835
ADC = 2058 @ cycle-counter: 12 @ micros dT= 64121
ADC = 2058 @ cycle-counter: 12 @ micros dT= 68406
ADC = 2057 @ cycle-counter: 12 @ micros dT= 72692
ADC = 2058 @ cycle-counter: 12 @ micros dT= 76978
ADC = 2059 @ cycle-counter: 12 @ micros dT= 81264
ADC = 2058 @ cycle-counter: 12 @ micros dT= 85549
ADC = 2058 @ cycle-counter: 12 @ micros dT= 89835
ADC = 2058 @ cycle-counter: 12 @ micros dT= 94121
ADC = 2058 @ cycle-counter: 12 @ micros dT= 98406

ADC = 2058 @ cycle-counter: 13 @ micros dT= 80
ADC = 2057 @ cycle-counter: 13 @ micros dT= 266
ADC = 2058 @ cycle-counter: 13 @ micros dT= 462
ADC = 2058 @ cycle-counter: 13 @ micros dT= 656
ADC = 2058 @ cycle-counter: 13 @ micros dT= 851
ADC = 2058 @ cycle-counter: 13 @ micros dT= 1048
ADC = 2058 @ cycle-counter: 13 @ micros dT= 1249
ADC = 2057 @ cycle-counter: 13 @ micros dT= 1450
ADC = 2058 @ cycle-counter: 13 @ micros dT= 1653
ADC = 2058 @ cycle-counter: 13 @ micros dT= 1854
ADC = 2058 @ cycle-counter: 13 @ micros dT= 2056
ADC = 2057 @ cycle-counter: 13 @ micros dT= 2259
ADC = 2057 @ cycle-counter: 13 @ micros dT= 2460
ADC = 2058 @ cycle-counter: 13 @ micros dT= 2661
ADC = 2058 @ cycle-counter: 13 @ micros dT= 2864
ADC = 2058 @ cycle-counter: 13 @ micros dT= 3066
ADC = 2057 @ cycle-counter: 13 @ micros dT= 3266
ADC = 2057 @ cycle-counter: 13 @ micros dT= 3469
ADC = 2058 @ cycle-counter: 13 @ micros dT= 3670
ADC = 2058 @ cycle-counter: 13 @ micros dT= 3871
ADC = 2058 @ cycle-counter: 13 @ micros dT= 4075
ADC = 2058 @ cycle-counter: 13 @ micros dT= 4276
ADC = 2058 @ cycle-counter: 13 @ micros dT= 4479
ADC = 2057 @ cycle-counter: 13 @ micros dT= 8492
ADC = 2057 @ cycle-counter: 13 @ micros dT= 12692
ADC = 2058 @ cycle-counter: 13 @ micros dT= 16978
ADC = 2059 @ cycle-counter: 13 @ micros dT= 21264
ADC = 2058 @ cycle-counter: 13 @ micros dT= 25549
ADC = 2058 @ cycle-counter: 13 @ micros dT= 29835
ADC = 2058 @ cycle-counter: 13 @ micros dT= 34121
ADC = 2058 @ cycle-counter: 13 @ micros dT= 38406
ADC = 2057 @ cycle-counter: 13 @ micros dT= 42692
ADC = 2058 @ cycle-counter: 13 @ micros dT= 46978
ADC = 2058 @ cycle-counter: 13 @ micros dT= 51264
ADC = 2058 @ cycle-counter: 13 @ micros dT= 55549
ADC = 2058 @ cycle-counter: 13 @ micros dT= 59835
ADC = 2058 @ cycle-counter: 13 @ micros dT= 64121
ADC = 2058 @ cycle-counter: 13 @ micros dT= 68406
ADC = 2057 @ cycle-counter: 13 @ micros dT= 72692
ADC = 2058 @ cycle-counter: 13 @ micros dT= 76978
ADC = 2059 @ cycle-counter: 13 @ micros dT= 81264
ADC = 2057 @ cycle-counter: 13 @ micros dT= 85549
ADC = 2059 @ cycle-counter: 13 @ micros dT= 89835
ADC = 2058 @ cycle-counter: 13 @ micros dT= 94121
ADC = 2058 @ cycle-counter: 13 @ micros dT= 98406

ADC = 2058 @ cycle-counter: 14 @ micros dT= 80
ADC = 2058 @ cycle-counter: 14 @ micros dT= 266
ADC = 2058 @ cycle-counter: 14 @ micros dT= 462
ADC = 2058 @ cycle-counter: 14 @ micros dT= 656
ADC = 2059 @ cycle-counter: 14 @ micros dT= 851
ADC = 2058 @ cycle-counter: 14 @ micros dT= 1048
ADC = 2058 @ cycle-counter: 14 @ micros dT= 1249
ADC = 2058 @ cycle-counter: 14 @ micros dT= 1450
ADC = 2058 @ cycle-counter: 14 @ micros dT= 1653
ADC = 2057 @ cycle-counter: 14 @ micros dT= 1854
ADC = 2058 @ cycle-counter: 14 @ micros dT= 2056
ADC = 2057 @ cycle-counter: 14 @ micros dT= 2259
ADC = 2057 @ cycle-counter: 14 @ micros dT= 2460
ADC = 2058 @ cycle-counter: 14 @ micros dT= 2661
ADC = 2058 @ cycle-counter: 14 @ micros dT= 2864
ADC = 2058 @ cycle-counter: 14 @ micros dT= 3066
ADC = 2058 @ cycle-counter: 14 @ micros dT= 3266
ADC = 2058 @ cycle-counter: 14 @ micros dT= 3469
ADC = 2058 @ cycle-counter: 14 @ micros dT= 3670
ADC = 2057 @ cycle-counter: 14 @ micros dT= 3871
ADC = 2058 @ cycle-counter: 14 @ micros dT= 4075
ADC = 2057 @ cycle-counter: 14 @ micros dT= 4276
ADC = 2057 @ cycle-counter: 14 @ micros dT= 4479
ADC = 2057 @ cycle-counter: 14 @ micros dT= 8492
ADC = 2057 @ cycle-counter: 14 @ micros dT= 12692
ADC = 2059 @ cycle-counter: 14 @ micros dT= 16978
ADC = 2059 @ cycle-counter: 14 @ micros dT= 21264
ADC = 2058 @ cycle-counter: 14 @ micros dT= 25549
ADC = 2059 @ cycle-counter: 14 @ micros dT= 29835
ADC = 2058 @ cycle-counter: 14 @ micros dT= 34121
ADC = 2058 @ cycle-counter: 14 @ micros dT= 38406
ADC = 2058 @ cycle-counter: 14 @ micros dT= 42692
ADC = 2058 @ cycle-counter: 14 @ micros dT= 46978
ADC = 2059 @ cycle-counter: 14 @ micros dT= 51264
ADC = 2058 @ cycle-counter: 14 @ micros dT= 55549
ADC = 2058 @ cycle-counter: 14 @ micros dT= 59835
ADC = 2058 @ cycle-counter: 14 @ micros dT= 64121
ADC = 2058 @ cycle-counter: 14 @ micros dT= 68406
ADC = 2057 @ cycle-counter: 14 @ micros dT= 72692
ADC = 2058 @ cycle-counter: 14 @ micros dT= 76978
ADC = 2059 @ cycle-counter: 14 @ micros dT= 81264
ADC = 2059 @ cycle-counter: 14 @ micros dT= 85549
ADC = 2058 @ cycle-counter: 14 @ micros dT= 89835
ADC = 2058 @ cycle-counter: 14 @ micros dT= 94121
ADC = 2058 @ cycle-counter: 14 @ micros dT= 98406
ADC TS *ON*

ADC = 1036 @ cycle-counter: 15 @ micros dT= 81
ADC = 1034 @ cycle-counter: 15 @ micros dT= 268
ADC = 1032 @ cycle-counter: 15 @ micros dT= 463
ADC = 1034 @ cycle-counter: 15 @ micros dT= 657
ADC = 1035 @ cycle-counter: 15 @ micros dT= 853
ADC = 1033 @ cycle-counter: 15 @ micros dT= 1049
ADC = 1033 @ cycle-counter: 15 @ micros dT= 1249
ADC = 1033 @ cycle-counter: 15 @ micros dT= 1452
ADC = 1032 @ cycle-counter: 15 @ micros dT= 1653
ADC = 1032 @ cycle-counter: 15 @ micros dT= 1854
ADC = 1034 @ cycle-counter: 15 @ micros dT= 2058
ADC = 1035 @ cycle-counter: 15 @ micros dT= 2259
ADC = 1037 @ cycle-counter: 15 @ micros dT= 2460
ADC = 1033 @ cycle-counter: 15 @ micros dT= 2662
ADC = 1036 @ cycle-counter: 15 @ micros dT= 2863
ADC = 1034 @ cycle-counter: 15 @ micros dT= 3065
ADC = 1036 @ cycle-counter: 15 @ micros dT= 3268
ADC = 1034 @ cycle-counter: 15 @ micros dT= 3469
ADC = 1034 @ cycle-counter: 15 @ micros dT= 3670
ADC = 1033 @ cycle-counter: 15 @ micros dT= 3873
ADC = 1036 @ cycle-counter: 15 @ micros dT= 4075
ADC = 1036 @ cycle-counter: 15 @ micros dT= 4276
ADC = 1031 @ cycle-counter: 15 @ micros dT= 5295
ADC = 1036 @ cycle-counter: 15 @ micros dT= 9495
ADC = 1030 @ cycle-counter: 15 @ micros dT= 13695
ADC = 1034 @ cycle-counter: 15 @ micros dT= 17981
ADC = 1032 @ cycle-counter: 15 @ micros dT= 22266
ADC = 1033 @ cycle-counter: 15 @ micros dT= 26552
ADC = 1032 @ cycle-counter: 15 @ micros dT= 30837
ADC = 1033 @ cycle-counter: 15 @ micros dT= 35123
ADC = 1033 @ cycle-counter: 15 @ micros dT= 39409
ADC = 1035 @ cycle-counter: 15 @ micros dT= 43695
ADC = 1034 @ cycle-counter: 15 @ micros dT= 47981
ADC = 1032 @ cycle-counter: 15 @ micros dT= 52266
ADC = 1033 @ cycle-counter: 15 @ micros dT= 56552
ADC = 1033 @ cycle-counter: 15 @ micros dT= 60837
ADC = 1035 @ cycle-counter: 15 @ micros dT= 65123
ADC = 1033 @ cycle-counter: 15 @ micros dT= 69409
ADC = 1033 @ cycle-counter: 15 @ micros dT= 73695
ADC = 1034 @ cycle-counter: 15 @ micros dT= 77981
ADC = 1034 @ cycle-counter: 15 @ micros dT= 82266
ADC = 1033 @ cycle-counter: 15 @ micros dT= 86552
ADC = 1036 @ cycle-counter: 15 @ micros dT= 90837
ADC = 1030 @ cycle-counter: 15 @ micros dT= 95123
ADC = 1031 @ cycle-counter: 15 @ micros dT= 99409

ADC = 1032 @ cycle-counter: 16 @ micros dT= 80
ADC = 1034 @ cycle-counter: 16 @ micros dT= 267
ADC = 1031 @ cycle-counter: 16 @ micros dT= 463
ADC = 1033 @ cycle-counter: 16 @ micros dT= 658
ADC = 1032 @ cycle-counter: 16 @ micros dT= 852
ADC = 1035 @ cycle-counter: 16 @ micros dT= 1047
ADC = 1033 @ cycle-counter: 16 @ micros dT= 1250
ADC = 1034 @ cycle-counter: 16 @ micros dT= 1451
ADC = 1032 @ cycle-counter: 16 @ micros dT= 1654
ADC = 1034 @ cycle-counter: 16 @ micros dT= 1855
ADC = 1032 @ cycle-counter: 16 @ micros dT= 2057
ADC = 1033 @ cycle-counter: 16 @ micros dT= 2260
ADC = 1032 @ cycle-counter: 16 @ micros dT= 2461
ADC = 1031 @ cycle-counter: 16 @ micros dT= 2661
ADC = 1034 @ cycle-counter: 16 @ micros dT= 2864
ADC = 1034 @ cycle-counter: 16 @ micros dT= 3066
ADC = 1035 @ cycle-counter: 16 @ micros dT= 3267
ADC = 1034 @ cycle-counter: 16 @ micros dT= 3470
ADC = 1031 @ cycle-counter: 16 @ micros dT= 3671
ADC = 1031 @ cycle-counter: 16 @ micros dT= 3872
ADC = 1033 @ cycle-counter: 16 @ micros dT= 4076
ADC = 1034 @ cycle-counter: 16 @ micros dT= 4277
ADC = 1033 @ cycle-counter: 16 @ micros dT= 4480
ADC = 1032 @ cycle-counter: 16 @ micros dT= 8495
ADC = 1032 @ cycle-counter: 16 @ micros dT= 12695
ADC = 1031 @ cycle-counter: 16 @ micros dT= 16981
ADC = 1034 @ cycle-counter: 16 @ micros dT= 21266
ADC = 1033 @ cycle-counter: 16 @ micros dT= 25552
ADC = 1031 @ cycle-counter: 16 @ micros dT= 29838
ADC = 1032 @ cycle-counter: 16 @ micros dT= 34123
ADC = 1031 @ cycle-counter: 16 @ micros dT= 38409
ADC = 1032 @ cycle-counter: 16 @ micros dT= 42695
ADC = 1031 @ cycle-counter: 16 @ micros dT= 46981
ADC = 1033 @ cycle-counter: 16 @ micros dT= 51266
ADC = 1030 @ cycle-counter: 16 @ micros dT= 55552
ADC = 1031 @ cycle-counter: 16 @ micros dT= 59838
ADC = 1032 @ cycle-counter: 16 @ micros dT= 64123
ADC = 1032 @ cycle-counter: 16 @ micros dT= 68409
ADC = 1031 @ cycle-counter: 16 @ micros dT= 72695
ADC = 1030 @ cycle-counter: 16 @ micros dT= 76981
ADC = 1033 @ cycle-counter: 16 @ micros dT= 81266
ADC = 1030 @ cycle-counter: 16 @ micros dT= 85552
ADC = 1033 @ cycle-counter: 16 @ micros dT= 89838
ADC = 1034 @ cycle-counter: 16 @ micros dT= 94123
ADC = 1034 @ cycle-counter: 16 @ micros dT= 98409

ADC = 1031 @ cycle-counter: 17 @ micros dT= 80
ADC = 1033 @ cycle-counter: 17 @ micros dT= 267
ADC = 1034 @ cycle-counter: 17 @ micros dT= 463
ADC = 1031 @ cycle-counter: 17 @ micros dT= 658
ADC = 1032 @ cycle-counter: 17 @ micros dT= 852
ADC = 1034 @ cycle-counter: 17 @ micros dT= 1047
ADC = 1033 @ cycle-counter: 17 @ micros dT= 1250
ADC = 1029 @ cycle-counter: 17 @ micros dT= 1451
ADC = 1030 @ cycle-counter: 17 @ micros dT= 1654
ADC = 1028 @ cycle-counter: 17 @ micros dT= 1855
ADC = 1031 @ cycle-counter: 17 @ micros dT= 2057
ADC = 1031 @ cycle-counter: 17 @ micros dT= 2260
ADC = 1031 @ cycle-counter: 17 @ micros dT= 2461
ADC = 1031 @ cycle-counter: 17 @ micros dT= 2661
ADC = 1030 @ cycle-counter: 17 @ micros dT= 2864
ADC = 1033 @ cycle-counter: 17 @ micros dT= 3066
ADC = 1032 @ cycle-counter: 17 @ micros dT= 3267
ADC = 1033 @ cycle-counter: 17 @ micros dT= 3470
ADC = 1033 @ cycle-counter: 17 @ micros dT= 3671
ADC = 1030 @ cycle-counter: 17 @ micros dT= 3872
ADC = 1031 @ cycle-counter: 17 @ micros dT= 4076
ADC = 1030 @ cycle-counter: 17 @ micros dT= 4277
ADC = 1034 @ cycle-counter: 17 @ micros dT= 4480
ADC = 1034 @ cycle-counter: 17 @ micros dT= 8495
ADC = 1034 @ cycle-counter: 17 @ micros dT= 12695
ADC = 1029 @ cycle-counter: 17 @ micros dT= 16981
ADC = 1033 @ cycle-counter: 17 @ micros dT= 21266
ADC = 1030 @ cycle-counter: 17 @ micros dT= 25552
ADC = 1033 @ cycle-counter: 17 @ micros dT= 29838
ADC = 1030 @ cycle-counter: 17 @ micros dT= 34123
ADC = 1030 @ cycle-counter: 17 @ micros dT= 38409
ADC = 1033 @ cycle-counter: 17 @ micros dT= 42695
ADC = 1028 @ cycle-counter: 17 @ micros dT= 46981
ADC = 1031 @ cycle-counter: 17 @ micros dT= 51266
ADC = 1029 @ cycle-counter: 17 @ micros dT= 55552
ADC = 1034 @ cycle-counter: 17 @ micros dT= 59838
ADC = 1032 @ cycle-counter: 17 @ micros dT= 64123
ADC = 1032 @ cycle-counter: 17 @ micros dT= 68409
ADC = 1032 @ cycle-counter: 17 @ micros dT= 72695
ADC = 1029 @ cycle-counter: 17 @ micros dT= 76981
ADC = 1032 @ cycle-counter: 17 @ micros dT= 81266
ADC = 1030 @ cycle-counter: 17 @ micros dT= 85552
ADC = 1029 @ cycle-counter: 17 @ micros dT= 89838
ADC = 1031 @ cycle-counter: 17 @ micros dT= 94123
ADC = 1029 @ cycle-counter: 17 @ micros dT= 98409

ADC = 1030 @ cycle-counter: 18 @ micros dT= 80
ADC = 1031 @ cycle-counter: 18 @ micros dT= 267
ADC = 1033 @ cycle-counter: 18 @ micros dT= 463
ADC = 1031 @ cycle-counter: 18 @ micros dT= 658
ADC = 1027 @ cycle-counter: 18 @ micros dT= 852
ADC = 1031 @ cycle-counter: 18 @ micros dT= 1047
ADC = 1032 @ cycle-counter: 18 @ micros dT= 1250
ADC = 1032 @ cycle-counter: 18 @ micros dT= 1451
ADC = 1031 @ cycle-counter: 18 @ micros dT= 1654
ADC = 1030 @ cycle-counter: 18 @ micros dT= 1855
ADC = 1030 @ cycle-counter: 18 @ micros dT= 2057
ADC = 1034 @ cycle-counter: 18 @ micros dT= 2260
ADC = 1029 @ cycle-counter: 18 @ micros dT= 2461
ADC = 1031 @ cycle-counter: 18 @ micros dT= 2661
ADC = 1029 @ cycle-counter: 18 @ micros dT= 2864
ADC = 1032 @ cycle-counter: 18 @ micros dT= 3066
ADC = 1031 @ cycle-counter: 18 @ micros dT= 3267
ADC = 1029 @ cycle-counter: 18 @ micros dT= 3470
ADC = 1033 @ cycle-counter: 18 @ micros dT= 3671
ADC = 1031 @ cycle-counter: 18 @ micros dT= 3872
ADC = 1031 @ cycle-counter: 18 @ micros dT= 4076
ADC = 1032 @ cycle-counter: 18 @ micros dT= 4277
ADC = 1033 @ cycle-counter: 18 @ micros dT= 4480
ADC = 1033 @ cycle-counter: 18 @ micros dT= 8495
ADC = 1030 @ cycle-counter: 18 @ micros dT= 12695
ADC = 1032 @ cycle-counter: 18 @ micros dT= 16981
ADC = 1032 @ cycle-counter: 18 @ micros dT= 21266
ADC = 1029 @ cycle-counter: 18 @ micros dT= 25552
ADC = 1030 @ cycle-counter: 18 @ micros dT= 29838
ADC = 1032 @ cycle-counter: 18 @ micros dT= 34123
ADC = 1034 @ cycle-counter: 18 @ micros dT= 38409
ADC = 1034 @ cycle-counter: 18 @ micros dT= 42695
ADC = 1031 @ cycle-counter: 18 @ micros dT= 46981
ADC = 1033 @ cycle-counter: 18 @ micros dT= 51266
ADC = 1029 @ cycle-counter: 18 @ micros dT= 55552
ADC = 1030 @ cycle-counter: 18 @ micros dT= 59838
ADC = 1032 @ cycle-counter: 18 @ micros dT= 64123
ADC = 1030 @ cycle-counter: 18 @ micros dT= 68409
ADC = 1033 @ cycle-counter: 18 @ micros dT= 72695
ADC = 1028 @ cycle-counter: 18 @ micros dT= 76981
ADC = 1031 @ cycle-counter: 18 @ micros dT= 81266
ADC = 1032 @ cycle-counter: 18 @ micros dT= 85552
ADC = 1029 @ cycle-counter: 18 @ micros dT= 89838
ADC = 1032 @ cycle-counter: 18 @ micros dT= 94123
ADC = 1030 @ cycle-counter: 18 @ micros dT= 98409

ADC = 1029 @ cycle-counter: 19 @ micros dT= 80
ADC = 1030 @ cycle-counter: 19 @ micros dT= 267
ADC = 1033 @ cycle-counter: 19 @ micros dT= 463
ADC = 1032 @ cycle-counter: 19 @ micros dT= 658
ADC = 1029 @ cycle-counter: 19 @ micros dT= 852
ADC = 1030 @ cycle-counter: 19 @ micros dT= 1047
ADC = 1034 @ cycle-counter: 19 @ micros dT= 1250
ADC = 1028 @ cycle-counter: 19 @ micros dT= 1451
ADC = 1030 @ cycle-counter: 19 @ micros dT= 1654
ADC = 1031 @ cycle-counter: 19 @ micros dT= 1855
ADC = 1033 @ cycle-counter: 19 @ micros dT= 2057
ADC = 1033 @ cycle-counter: 19 @ micros dT= 2260
ADC = 1032 @ cycle-counter: 19 @ micros dT= 2461
ADC = 1032 @ cycle-counter: 19 @ micros dT= 2661
ADC = 1029 @ cycle-counter: 19 @ micros dT= 2864
ADC = 1034 @ cycle-counter: 19 @ micros dT= 3066
ADC = 1031 @ cycle-counter: 19 @ micros dT= 3267
ADC = 1033 @ cycle-counter: 19 @ micros dT= 3470
ADC = 1032 @ cycle-counter: 19 @ micros dT= 3671
ADC = 1031 @ cycle-counter: 19 @ micros dT= 3872
ADC = 1033 @ cycle-counter: 19 @ micros dT= 4076
ADC = 1031 @ cycle-counter: 19 @ micros dT= 4277
ADC = 1030 @ cycle-counter: 19 @ micros dT= 4480
ADC = 1032 @ cycle-counter: 19 @ micros dT= 8495
ADC = 1032 @ cycle-counter: 19 @ micros dT= 12695
ADC = 1031 @ cycle-counter: 19 @ micros dT= 16981
ADC = 1032 @ cycle-counter: 19 @ micros dT= 21266
ADC = 1031 @ cycle-counter: 19 @ micros dT= 25552
ADC = 1033 @ cycle-counter: 19 @ micros dT= 29838
ADC = 1033 @ cycle-counter: 19 @ micros dT= 34123
ADC = 1031 @ cycle-counter: 19 @ micros dT= 38409
ADC = 1030 @ cycle-counter: 19 @ micros dT= 42695
ADC = 1030 @ cycle-counter: 19 @ micros dT= 46981
ADC = 1031 @ cycle-counter: 19 @ micros dT= 51266
ADC = 1031 @ cycle-counter: 19 @ micros dT= 55552
ADC = 1030 @ cycle-counter: 19 @ micros dT= 59838
ADC = 1029 @ cycle-counter: 19 @ micros dT= 64123
ADC = 1031 @ cycle-counter: 19 @ micros dT= 68409
ADC = 1032 @ cycle-counter: 19 @ micros dT= 72695
ADC = 1031 @ cycle-counter: 19 @ micros dT= 76981
ADC = 1034 @ cycle-counter: 19 @ micros dT= 81266
ADC = 1030 @ cycle-counter: 19 @ micros dT= 85552
ADC = 1033 @ cycle-counter: 19 @ micros dT= 89838
ADC = 1032 @ cycle-counter: 19 @ micros dT= 94123
ADC = 1032 @ cycle-counter: 19 @ micros dT= 98409
ADC *OFF*

ADC = 1035 @ cycle-counter: 20 @ micros dT= 81
ADC = 1035 @ cycle-counter: 20 @ micros dT= 100070

ADC = 1035 @ cycle-counter: 21 @ micros dT= 100070

ADC = 1035 @ cycle-counter: 22 @ micros dT= 100070

ADC = 1035 @ cycle-counter: 23 @ micros dT= 100070

ADC = 1035 @ cycle-counter: 24 @ micros dT= 100070

ADC = 1035 @ cycle-counter: 25 @ micros dT= 100070

ADC = 1035 @ cycle-counter: 26 @ micros dT= 100070

ADC = 1035 @ cycle-counter: 27 @ micros dT= 100070

ADC = 1035 @ cycle-counter: 28 @ micros dT= 100070

ADC = 1035 @ cycle-counter: 29 @ micros dT= 100070

ADC = 1035 @ cycle-counter: 30 @ micros dT= 100070

ADC = 1035 @ cycle-counter: 31 @ micros dT= 100070

ADC = 1035 @ cycle-counter: 32 @ micros dT= 100070

ADC = 1035 @ cycle-counter: 33 @ micros dT= 100070

ADC = 1035 @ cycle-counter: 34 @ micros dT= 100070

ADC = 1035 @ cycle-counter: 35 @ micros dT= 100070

ADC = 1035 @ cycle-counter: 36 @ micros dT= 100070

ADC = 1035 @ cycle-counter: 37 @ micros dT= 100070

ADC = 1035 @ cycle-counter: 38 @ micros dT= 100070

ADC = 1035 @ cycle-counter: 39 @ micros dT= 100070

ADC = 1035 @ cycle-counter: 40 @ micros dT= 100070

ADC = 1035 @ cycle-counter: 41 @ micros dT= 100070

ADC = 1035 @ cycle-counter: 42 @ micros dT= 100070

ADC = 1035 @ cycle-counter: 43 @ micros dT= 100070

ADC = 1035 @ cycle-counter: 44 @ micros dT= 100070

ADC = 1035 @ cycle-counter: 45 @ micros dT= 100070

ADC = 1035 @ cycle-counter: 46 @ micros dT= 100070

ADC = 1035 @ cycle-counter: 47 @ micros dT= 100070
